{"file":"/home/douglas/Documents/AfrikSolutions/Projects/web-whatsapp/nodejs/whatsapp-bridge/src/data/active_sessions.json","level":"info","message":"Active sessions saved to disk","sessionCount":1,"timestamp":"2025-08-11 18:22:46"}
{"file":"/home/douglas/Documents/AfrikSolutions/Projects/web-whatsapp/nodejs/whatsapp-bridge/src/data/active_sessions.json","level":"info","message":"Active sessions saved to disk","sessionCount":1,"timestamp":"2025-08-11 18:27:46"}
{"file":"/home/douglas/Documents/AfrikSolutions/Projects/web-whatsapp/nodejs/whatsapp-bridge/src/data/active_sessions.json","level":"info","message":"Active sessions saved to disk","sessionCount":1,"timestamp":"2025-08-11 18:32:46"}
{"count":1,"level":"info","message":"[API] Sessions list requested","timestamp":"2025-08-11 18:34:04"}
{"level":"info","message":"[API] 127.0.0.1 - - [11/Aug/2025:17:34:04 +0000] \"GET /api/sessions HTTP/1.1\" 200 231 \"-\" \"curl/7.81.0\"","timestamp":"2025-08-11 18:34:04"}
{"level":"info","message":"[API] 127.0.0.1 - - [11/Aug/2025:17:34:15 +0000] \"POST /api/admin/cleanup-sessions HTTP/1.1\" 404 166 \"-\" \"curl/7.81.0\"","timestamp":"2025-08-11 18:34:15"}
{"level":"warn","message":"🛑 Received SIGINT, shutting down gracefully...","timestamp":"2025-08-11 18:35:50"}
{"level":"info","message":"🔄 Shutting down WhatsApp Manager...","timestamp":"2025-08-11 18:35:50"}
{"file":"/home/douglas/Documents/AfrikSolutions/Projects/web-whatsapp/nodejs/whatsapp-bridge/src/data/active_sessions.json","level":"info","message":"Active sessions saved to disk","sessionCount":1,"timestamp":"2025-08-11 18:35:50"}
{"level":"info","message":"🔧 Initializing WhatsApp Bridge services...","timestamp":"2025-08-11 18:35:53"}
{"laravelApiUrl":"http://localhost:8000","level":"info","message":"WhatsApp Manager initialized","timestamp":"2025-08-11 18:35:53"}
{"level":"info","message":"✅ WhatsApp Manager created","timestamp":"2025-08-11 18:35:53"}
{"level":"info","message":"🛣️ Setting up API routes...","timestamp":"2025-08-11 18:35:53"}
{"level":"info","message":"✅ API routes configured","timestamp":"2025-08-11 18:35:53"}
{"level":"info","message":"🚀 WhatsApp Bridge server started on port 3000","timestamp":"2025-08-11 18:35:53"}
{"level":"info","message":"🚀 Initializing WhatsApp Manager...","timestamp":"2025-08-11 18:35:53"}
{"intervalMinutes":5,"level":"info","message":"Autosave started","timestamp":"2025-08-11 18:35:53"}
{"level":"info","message":"📱 Restoring existing WhatsApp sessions...","timestamp":"2025-08-11 18:35:53"}
{"level":"info","message":"Starting session restoration from persistence","timestamp":"2025-08-11 18:35:53"}
{"file":"/home/douglas/Documents/AfrikSolutions/Projects/web-whatsapp/nodejs/whatsapp-bridge/src/data/active_sessions.json","level":"info","message":"Loaded saved sessions from disk","sessionCount":1,"timestamp":"2025-08-11 18:35:53"}
{"level":"info","message":"Found saved sessions to restore","sessionCount":1,"sessionIds":["session_2_17549327501788_f3babc5d"],"timestamp":"2025-08-11 18:35:53"}
{"count":22,"level":"info","message":"Found authentication directories","sessions":["session_10","session_10","session_10","session_10","session_2","session_2","session_2","session_2","session_2","session_2","session_2","session_2","session_2","session_2","session_2","session_2","session_2","session_2","session_2","session_2","session_2","session_2"],"timestamp":"2025-08-11 18:35:53"}
{"level":"warn","message":"Skipping invalid session during restoration","reason":"Failed integrity validation","sessionId":"session_2_17549327501788_f3babc5d","timestamp":"2025-08-11 18:35:53"}
{"level":"info","message":"Session restoration completed","restoredCount":0,"restoredSessions":[],"timestamp":"2025-08-11 18:35:53","totalFound":1}
{"count":22,"level":"info","message":"Found authentication directories","sessions":["session_10","session_10","session_10","session_10","session_2","session_2","session_2","session_2","session_2","session_2","session_2","session_2","session_2","session_2","session_2","session_2","session_2","session_2","session_2","session_2","session_2","session_2"],"timestamp":"2025-08-11 18:35:53"}
{"level":"info","message":"Cleaned orphaned auth directory","path":"/home/douglas/Documents/AfrikSolutions/Projects/web-whatsapp/nodejs/whatsapp-bridge/.wwebjs_auth/session-session_10_17549183791906_9e5fad26","sessionId":"session_10","timestamp":"2025-08-11 18:35:53"}
{"level":"info","message":"Cleaned orphaned auth directory","path":"/home/douglas/Documents/AfrikSolutions/Projects/web-whatsapp/nodejs/whatsapp-bridge/.wwebjs_auth/session-session_10_17549184043619_fdd8f7bb","sessionId":"session_10","timestamp":"2025-08-11 18:35:53"}
{"level":"info","message":"Cleaned orphaned auth directory","path":"/home/douglas/Documents/AfrikSolutions/Projects/web-whatsapp/nodejs/whatsapp-bridge/.wwebjs_auth/session-session_10_17549184293729_eccf120a","sessionId":"session_10","timestamp":"2025-08-11 18:35:53"}
{"level":"info","message":"Cleaned orphaned auth directory","path":"/home/douglas/Documents/AfrikSolutions/Projects/web-whatsapp/nodejs/whatsapp-bridge/.wwebjs_auth/session-session_10_17549187023276_604e07ab","sessionId":"session_10","timestamp":"2025-08-11 18:35:53"}
{"level":"info","message":"Cleaned orphaned auth directory","path":"/home/douglas/Documents/AfrikSolutions/Projects/web-whatsapp/nodejs/whatsapp-bridge/.wwebjs_auth/session-session_2_17548463623152_7c7a850f","sessionId":"session_2","timestamp":"2025-08-11 18:35:53"}
{"level":"info","message":"Cleaned orphaned auth directory","path":"/home/douglas/Documents/AfrikSolutions/Projects/web-whatsapp/nodejs/whatsapp-bridge/.wwebjs_auth/session-session_2_17548469629163_a55c33af","sessionId":"session_2","timestamp":"2025-08-11 18:35:53"}
{"level":"info","message":"Cleaned orphaned auth directory","path":"/home/douglas/Documents/AfrikSolutions/Projects/web-whatsapp/nodejs/whatsapp-bridge/.wwebjs_auth/session-session_2_17549132033576_92d0ec37","sessionId":"session_2","timestamp":"2025-08-11 18:35:53"}
{"level":"info","message":"Cleaned orphaned auth directory","path":"/home/douglas/Documents/AfrikSolutions/Projects/web-whatsapp/nodejs/whatsapp-bridge/.wwebjs_auth/session-session_2_17549176246013_b7044570","sessionId":"session_2","timestamp":"2025-08-11 18:35:53"}
{"level":"info","message":"Cleaned orphaned auth directory","path":"/home/douglas/Documents/AfrikSolutions/Projects/web-whatsapp/nodejs/whatsapp-bridge/.wwebjs_auth/session-session_2_17549190021030_ba8b80b0","sessionId":"session_2","timestamp":"2025-08-11 18:35:53"}
{"level":"info","message":"Cleaned orphaned auth directory","path":"/home/douglas/Documents/AfrikSolutions/Projects/web-whatsapp/nodejs/whatsapp-bridge/.wwebjs_auth/session-session_2_17549190688279_ec3bcba4","sessionId":"session_2","timestamp":"2025-08-11 18:35:53"}
{"level":"info","message":"Cleaned orphaned auth directory","path":"/home/douglas/Documents/AfrikSolutions/Projects/web-whatsapp/nodejs/whatsapp-bridge/.wwebjs_auth/session-session_2_17549190859370_74ab20fd","sessionId":"session_2","timestamp":"2025-08-11 18:35:53"}
{"level":"info","message":"Cleaned orphaned auth directory","path":"/home/douglas/Documents/AfrikSolutions/Projects/web-whatsapp/nodejs/whatsapp-bridge/.wwebjs_auth/session-session_2_17549191320449_915b1844","sessionId":"session_2","timestamp":"2025-08-11 18:35:53"}
{"level":"info","message":"Cleaned orphaned auth directory","path":"/home/douglas/Documents/AfrikSolutions/Projects/web-whatsapp/nodejs/whatsapp-bridge/.wwebjs_auth/session-session_2_17549204371982_2efa29ab","sessionId":"session_2","timestamp":"2025-08-11 18:35:53"}
{"level":"info","message":"Cleaned orphaned auth directory","path":"/home/douglas/Documents/AfrikSolutions/Projects/web-whatsapp/nodejs/whatsapp-bridge/.wwebjs_auth/session-session_2_17549205276712_3b692247","sessionId":"session_2","timestamp":"2025-08-11 18:35:53"}
{"level":"info","message":"Cleaned orphaned auth directory","path":"/home/douglas/Documents/AfrikSolutions/Projects/web-whatsapp/nodejs/whatsapp-bridge/.wwebjs_auth/session-session_2_17549207039082_94f807ac","sessionId":"session_2","timestamp":"2025-08-11 18:35:53"}
{"level":"info","message":"Cleaned orphaned auth directory","path":"/home/douglas/Documents/AfrikSolutions/Projects/web-whatsapp/nodejs/whatsapp-bridge/.wwebjs_auth/session-session_2_17549214668602_126ad1df","sessionId":"session_2","timestamp":"2025-08-11 18:35:53"}
{"level":"info","message":"Cleaned orphaned auth directory","path":"/home/douglas/Documents/AfrikSolutions/Projects/web-whatsapp/nodejs/whatsapp-bridge/.wwebjs_auth/session-session_2_17549216859083_f7408421","sessionId":"session_2","timestamp":"2025-08-11 18:35:53"}
{"level":"info","message":"Cleaned orphaned auth directory","path":"/home/douglas/Documents/AfrikSolutions/Projects/web-whatsapp/nodejs/whatsapp-bridge/.wwebjs_auth/session-session_2_17549231758754_13d370da","sessionId":"session_2","timestamp":"2025-08-11 18:35:53"}
{"level":"info","message":"Cleaned orphaned auth directory","path":"/home/douglas/Documents/AfrikSolutions/Projects/web-whatsapp/nodejs/whatsapp-bridge/.wwebjs_auth/session-session_2_17549232644334_274689b1","sessionId":"session_2","timestamp":"2025-08-11 18:35:53"}
{"level":"info","message":"Cleaned orphaned auth directory","path":"/home/douglas/Documents/AfrikSolutions/Projects/web-whatsapp/nodejs/whatsapp-bridge/.wwebjs_auth/session-session_2_17549255039063_742cf660","sessionId":"session_2","timestamp":"2025-08-11 18:35:53"}
{"level":"info","message":"Cleaned orphaned auth directory","path":"/home/douglas/Documents/AfrikSolutions/Projects/web-whatsapp/nodejs/whatsapp-bridge/.wwebjs_auth/session-session_2_17549262761036_c5b3b88d","sessionId":"session_2","timestamp":"2025-08-11 18:35:53"}
{"level":"info","message":"Cleaned orphaned auth directory","path":"/home/douglas/Documents/AfrikSolutions/Projects/web-whatsapp/nodejs/whatsapp-bridge/.wwebjs_auth/session-session_2_17549327501788_f3babc5d","sessionId":"session_2","timestamp":"2025-08-11 18:35:53"}
{"cleanedCount":22,"level":"info","message":"Cleanup completed","orphanedFound":22,"timestamp":"2025-08-11 18:35:53"}
{"level":"info","message":"✅ Session restoration completed","restoredCount":0,"sessions":[],"timestamp":"2025-08-11 18:35:53","totalFound":1}
{"level":"info","message":"🎉 All services initialized successfully","timestamp":"2025-08-11 18:35:53"}
{"level":"info","message":"============================================================","timestamp":"2025-08-11 18:35:53"}
{"level":"info","message":"🎉 WhatsApp Bridge Server is fully ready!","timestamp":"2025-08-11 18:35:53"}
{"level":"info","message":"📋 API Documentation: http://localhost:3000","timestamp":"2025-08-11 18:35:53"}
{"level":"info","message":"🔍 Health Check: http://localhost:3000/health","timestamp":"2025-08-11 18:35:53"}
{"level":"info","message":"📱 Sessions API: http://localhost:3000/api/sessions","timestamp":"2025-08-11 18:35:53"}
{"level":"info","message":"🌉 Bridge API: http://localhost:3000/api/bridge","timestamp":"2025-08-11 18:35:53"}
{"level":"info","message":"📊 Environment: development","timestamp":"2025-08-11 18:35:53"}
{"level":"info","message":"============================================================","timestamp":"2025-08-11 18:35:53"}
{"ip":"127.0.0.1","level":"warn","message":"Admin action: Session cleanup requested","timestamp":"2025-08-11 18:36:04","userAgent":"curl/7.81.0"}
{"count":0,"level":"info","message":"Found authentication directories","sessions":[],"timestamp":"2025-08-11 18:36:04"}
{"level":"info","message":"No orphaned auth directories found","timestamp":"2025-08-11 18:36:04"}
{"activeSessionsCount":0,"cleanupResult":{"cleanedCount":0,"success":true},"level":"warn","message":"Admin action: Session cleanup completed","timestamp":"2025-08-11 18:36:04"}
{"level":"info","message":"[API] 127.0.0.1 - - [11/Aug/2025:17:36:04 +0000] \"POST /api/admin/cleanup-sessions HTTP/1.1\" 200 214 \"-\" \"curl/7.81.0\"","timestamp":"2025-08-11 18:36:04"}
{"count":0,"level":"info","message":"[API] Sessions list requested","timestamp":"2025-08-11 18:36:56"}
{"level":"info","message":"[API] 127.0.0.1 - - [11/Aug/2025:17:36:56 +0000] \"GET /api/sessions HTTP/1.1\" 200 40 \"-\" \"curl/7.81.0\"","timestamp":"2025-08-11 18:36:56"}
{"level":"warn","message":"🛑 Received SIGINT, shutting down gracefully...","timestamp":"2025-08-11 18:40:46"}
{"level":"info","message":"🔄 Shutting down WhatsApp Manager...","timestamp":"2025-08-11 18:40:46"}
{"file":"/home/douglas/Documents/AfrikSolutions/Projects/web-whatsapp/nodejs/whatsapp-bridge/src/data/active_sessions.json","level":"info","message":"Active sessions saved to disk","sessionCount":0,"timestamp":"2025-08-11 18:40:46"}
{"level":"info","message":"🔧 Initializing WhatsApp Bridge services...","timestamp":"2025-08-11 18:40:49"}
{"laravelApiUrl":"http://localhost:8000","level":"info","message":"WhatsApp Manager initialized","timestamp":"2025-08-11 18:40:49"}
{"level":"info","message":"✅ WhatsApp Manager created","timestamp":"2025-08-11 18:40:49"}
{"level":"info","message":"🛣️ Setting up API routes...","timestamp":"2025-08-11 18:40:49"}
{"level":"info","message":"✅ API routes configured","timestamp":"2025-08-11 18:40:49"}
{"level":"info","message":"🚀 WhatsApp Bridge server started on port 3000","timestamp":"2025-08-11 18:40:49"}
{"level":"info","message":"🚀 Initializing WhatsApp Manager...","timestamp":"2025-08-11 18:40:49"}
{"intervalMinutes":5,"level":"info","message":"Autosave started","timestamp":"2025-08-11 18:40:49"}
{"level":"info","message":"📱 Restoring existing WhatsApp sessions...","timestamp":"2025-08-11 18:40:49"}
{"level":"info","message":"Starting session restoration from persistence","timestamp":"2025-08-11 18:40:49"}
{"file":"/home/douglas/Documents/AfrikSolutions/Projects/web-whatsapp/nodejs/whatsapp-bridge/src/data/active_sessions.json","level":"info","message":"Loaded saved sessions from disk","sessionCount":0,"timestamp":"2025-08-11 18:40:49"}
{"level":"info","message":"No sessions to restore","timestamp":"2025-08-11 18:40:49"}
{"level":"info","message":"✅ Session restoration completed","restoredCount":0,"sessions":[],"timestamp":"2025-08-11 18:40:49"}
{"level":"info","message":"🎉 All services initialized successfully","timestamp":"2025-08-11 18:40:49"}
{"level":"info","message":"============================================================","timestamp":"2025-08-11 18:40:49"}
{"level":"info","message":"🎉 WhatsApp Bridge Server is fully ready!","timestamp":"2025-08-11 18:40:49"}
{"level":"info","message":"📋 API Documentation: http://localhost:3000","timestamp":"2025-08-11 18:40:49"}
{"level":"info","message":"🔍 Health Check: http://localhost:3000/health","timestamp":"2025-08-11 18:40:49"}
{"level":"info","message":"📱 Sessions API: http://localhost:3000/api/sessions","timestamp":"2025-08-11 18:40:49"}
{"level":"info","message":"🌉 Bridge API: http://localhost:3000/api/bridge","timestamp":"2025-08-11 18:40:49"}
{"level":"info","message":"📊 Environment: development","timestamp":"2025-08-11 18:40:49"}
{"level":"info","message":"============================================================","timestamp":"2025-08-11 18:40:49"}
{"ip":"127.0.0.1","level":"info","message":"[WhatsApp] 🚨 Session creation request received","requestBody":{"sessionId":"session_2_17549340598880_0e2e3038","userId":2},"requestId":"1754934059907-65oo88a7r","sessionId":"session_2_17549340598880_0e2e3038","timestamp":"2025-08-11 18:40:59","userAgent":"Laravel-WhatsApp-QR-Service/1.0","userId":2}
{"level":"info","message":"[Session:session_2_17549340598880_0e2e3038] Starting async initialization","requestId":"1754934059907-65oo88a7r","timestamp":"2025-08-11 18:40:59","userId":2}
{"asyncInit":true,"level":"info","message":"[Session:session_2_17549340598880_0e2e3038] Creating session","timestamp":"2025-08-11 18:40:59","userId":2}
{"level":"info","message":"[Session:session_2_17549340598880_0e2e3038] Responding with 202 Accepted","requestId":"1754934059907-65oo88a7r","timestamp":"2025-08-11 18:40:59"}
{"level":"info","message":"[API] 127.0.0.1 - - [11/Aug/2025:17:40:59 +0000] \"POST /api/sessions/create HTTP/1.1\" 202 180 \"-\" \"Laravel-WhatsApp-QR-Service/1.0\"","timestamp":"2025-08-11 18:40:59"}
{"level":"info","message":"[Session:session_2_17549340598880_0e2e3038] QR code requested","timestamp":"2025-08-11 18:40:59"}
{"level":"info","message":"[Session:session_2_17549340598880_0e2e3038] QR code not available","timestamp":"2025-08-11 18:40:59"}
{"level":"info","message":"[API] 127.0.0.1 - - [11/Aug/2025:17:40:59 +0000] \"GET /api/sessions/session_2_17549340598880_0e2e3038/qr HTTP/1.1\" 404 51 \"-\" \"Laravel-WhatsApp-QR-Service/1.0\"","timestamp":"2025-08-11 18:40:59"}
{"file":"/home/douglas/Documents/AfrikSolutions/Projects/web-whatsapp/nodejs/whatsapp-bridge/src/data/active_sessions.json","level":"info","message":"Active sessions saved to disk","sessionCount":1,"timestamp":"2025-08-11 18:40:59"}
{"level":"info","message":"[Session:session_2_17549340598880_0e2e3038] Starting ASYNC initialization","timestamp":"2025-08-11 18:40:59","userId":2}
{"level":"info","message":"[Session:session_2_17549340598880_0e2e3038] Returning immediately (async mode)","timestamp":"2025-08-11 18:40:59","userId":2}
{"level":"info","message":"[Session:session_2_17549340598880_0e2e3038] QR code requested","timestamp":"2025-08-11 18:41:00"}
{"level":"info","message":"[Session:session_2_17549340598880_0e2e3038] QR code not available","timestamp":"2025-08-11 18:41:00"}
{"level":"info","message":"[API] 127.0.0.1 - - [11/Aug/2025:17:41:00 +0000] \"GET /api/sessions/session_2_17549340598880_0e2e3038/qr HTTP/1.1\" 404 51 \"-\" \"Laravel-WhatsApp-QR-Service/1.0\"","timestamp":"2025-08-11 18:41:00"}
{"level":"info","message":"[Session:session_2_17549340598880_0e2e3038] QR code requested","timestamp":"2025-08-11 18:41:02"}
{"level":"info","message":"[Session:session_2_17549340598880_0e2e3038] QR code not available","timestamp":"2025-08-11 18:41:02"}
{"level":"info","message":"[API] 127.0.0.1 - - [11/Aug/2025:17:41:02 +0000] \"GET /api/sessions/session_2_17549340598880_0e2e3038/qr HTTP/1.1\" 404 51 \"-\" \"Laravel-WhatsApp-QR-Service/1.0\"","timestamp":"2025-08-11 18:41:02"}
{"level":"info","message":"[Session:session_2_17549340598880_0e2e3038] QR code requested","timestamp":"2025-08-11 18:41:02"}
{"level":"info","message":"[Session:session_2_17549340598880_0e2e3038] QR code not available","timestamp":"2025-08-11 18:41:02"}
{"level":"info","message":"[API] 127.0.0.1 - - [11/Aug/2025:17:41:02 +0000] \"GET /api/sessions/session_2_17549340598880_0e2e3038/qr HTTP/1.1\" 404 51 \"-\" \"Laravel-WhatsApp-QR-Service/1.0\"","timestamp":"2025-08-11 18:41:02"}
{"level":"info","message":"[Session:session_2_17549340598880_0e2e3038] QR code requested","timestamp":"2025-08-11 18:41:04"}
{"level":"info","message":"[Session:session_2_17549340598880_0e2e3038] QR code not available","timestamp":"2025-08-11 18:41:04"}
{"level":"info","message":"[API] 127.0.0.1 - - [11/Aug/2025:17:41:04 +0000] \"GET /api/sessions/session_2_17549340598880_0e2e3038/qr HTTP/1.1\" 404 51 \"-\" \"Laravel-WhatsApp-QR-Service/1.0\"","timestamp":"2025-08-11 18:41:04"}
{"level":"info","message":"[Session:session_2_17549340598880_0e2e3038] QR code requested","timestamp":"2025-08-11 18:41:05"}
{"level":"info","message":"[Session:session_2_17549340598880_0e2e3038] QR code not available","timestamp":"2025-08-11 18:41:05"}
{"level":"info","message":"[API] 127.0.0.1 - - [11/Aug/2025:17:41:05 +0000] \"GET /api/sessions/session_2_17549340598880_0e2e3038/qr HTTP/1.1\" 404 51 \"-\" \"Laravel-WhatsApp-QR-Service/1.0\"","timestamp":"2025-08-11 18:41:05"}
{"level":"info","message":"[Session:session_2_17549340598880_0e2e3038] QR code requested","timestamp":"2025-08-11 18:41:07"}
{"level":"info","message":"[Session:session_2_17549340598880_0e2e3038] QR code not available","timestamp":"2025-08-11 18:41:07"}
{"level":"info","message":"[API] 127.0.0.1 - - [11/Aug/2025:17:41:07 +0000] \"GET /api/sessions/session_2_17549340598880_0e2e3038/qr HTTP/1.1\" 404 51 \"-\" \"Laravel-WhatsApp-QR-Service/1.0\"","timestamp":"2025-08-11 18:41:07"}
{"level":"info","message":"[Session:session_2_17549340598880_0e2e3038] QR code requested","timestamp":"2025-08-11 18:41:07"}
{"level":"info","message":"[Session:session_2_17549340598880_0e2e3038] QR code not available","timestamp":"2025-08-11 18:41:07"}
{"level":"info","message":"[API] 127.0.0.1 - - [11/Aug/2025:17:41:07 +0000] \"GET /api/sessions/session_2_17549340598880_0e2e3038/qr HTTP/1.1\" 404 51 \"-\" \"Laravel-WhatsApp-QR-Service/1.0\"","timestamp":"2025-08-11 18:41:07"}
{"level":"info","message":"[Session:session_2_17549340598880_0e2e3038] QR code requested","timestamp":"2025-08-11 18:41:09"}
{"level":"info","message":"[Session:session_2_17549340598880_0e2e3038] QR code not available","timestamp":"2025-08-11 18:41:09"}
{"level":"info","message":"[API] 127.0.0.1 - - [11/Aug/2025:17:41:09 +0000] \"GET /api/sessions/session_2_17549340598880_0e2e3038/qr HTTP/1.1\" 404 51 \"-\" \"Laravel-WhatsApp-QR-Service/1.0\"","timestamp":"2025-08-11 18:41:09"}
{"level":"info","message":"[Session:session_2_17549340598880_0e2e3038] QR code requested","timestamp":"2025-08-11 18:41:10"}
{"level":"info","message":"[Session:session_2_17549340598880_0e2e3038] QR code not available","timestamp":"2025-08-11 18:41:10"}
{"level":"info","message":"[API] 127.0.0.1 - - [11/Aug/2025:17:41:10 +0000] \"GET /api/sessions/session_2_17549340598880_0e2e3038/qr HTTP/1.1\" 404 51 \"-\" \"Laravel-WhatsApp-QR-Service/1.0\"","timestamp":"2025-08-11 18:41:10"}
{"level":"info","message":"[Session:session_2_17549340598880_0e2e3038] QR generated","qrLength":239,"timestamp":"2025-08-11 18:41:13","userId":2}
{"level":"info","message":"[Session:session_2_17549340598880_0e2e3038] QR code requested","timestamp":"2025-08-11 18:41:13"}
{"level":"info","message":"[Session:session_2_17549340598880_0e2e3038] QR code provided","timestamp":"2025-08-11 18:41:13"}
{"level":"info","message":"[API] 127.0.0.1 - - [11/Aug/2025:17:41:13 +0000] \"GET /api/sessions/session_2_17549340598880_0e2e3038/qr HTTP/1.1\" 200 267 \"-\" \"Laravel-WhatsApp-QR-Service/1.0\"","timestamp":"2025-08-11 18:41:13"}
{"level":"info","message":"[Session:session_2_17549340598880_0e2e3038] Session ready","timestamp":"2025-08-11 18:41:45","userId":2}
{"level":"info","message":"[Session:session_2_17549340598880_0e2e3038] Phone connected","phoneNumber":"23767...","timestamp":"2025-08-11 18:41:45","userId":2}
{"error":"Request failed with status code 409","level":"info","message":"[Session:session_2_17549340598880_0e2e3038] Failed to notify connection","timestamp":"2025-08-11 18:41:46","userId":2}
{"from":"2376716464...","level":"info","message":"[Session:session_2_17549340598880_0e2e3038] Message received","timestamp":"2025-08-11 18:41:49","userId":2}
{"from":"2376924437...","level":"info","message":"[Session:session_2_17549340598880_0e2e3038] Message received","timestamp":"2025-08-11 18:41:49","userId":2}
{"level":"info","message":"[Session:session_2_17549340598880_0e2e3038] Status check requested","timestamp":"2025-08-11 18:42:03"}
{"level":"info","message":"[Session:session_2_17549340598880_0e2e3038] Status retrieved","status":"connected","timestamp":"2025-08-11 18:42:03"}
{"level":"info","message":"[API] 127.0.0.1 - - [11/Aug/2025:17:42:03 +0000] \"GET /api/sessions/session_2_17549340598880_0e2e3038/status HTTP/1.1\" 200 166 \"-\" \"Laravel-WhatsApp-QR-Service/1.0\"","timestamp":"2025-08-11 18:42:03"}
{"count":1,"level":"info","message":"[API] Sessions list requested","timestamp":"2025-08-11 18:43:08"}
{"level":"info","message":"[API] 127.0.0.1 - - [11/Aug/2025:17:43:08 +0000] \"GET /api/sessions HTTP/1.1\" 200 231 \"-\" \"curl/7.81.0\"","timestamp":"2025-08-11 18:43:08"}
{"level":"warn","message":"🛑 Received SIGINT, shutting down gracefully...","timestamp":"2025-08-11 18:43:34"}
{"level":"info","message":"🔄 Shutting down WhatsApp Manager...","timestamp":"2025-08-11 18:43:34"}
{"file":"/home/douglas/Documents/AfrikSolutions/Projects/web-whatsapp/nodejs/whatsapp-bridge/src/data/active_sessions.json","level":"info","message":"Active sessions saved to disk","sessionCount":1,"timestamp":"2025-08-11 18:43:34"}
{"level":"info","message":"🔧 Initializing WhatsApp Bridge services...","timestamp":"2025-08-11 18:43:37"}
{"laravelApiUrl":"http://localhost:8000","level":"info","message":"WhatsApp Manager initialized","timestamp":"2025-08-11 18:43:37"}
{"level":"info","message":"✅ WhatsApp Manager created","timestamp":"2025-08-11 18:43:37"}
{"level":"info","message":"🛣️ Setting up API routes...","timestamp":"2025-08-11 18:43:37"}
{"level":"info","message":"✅ API routes configured","timestamp":"2025-08-11 18:43:37"}
{"level":"info","message":"🚀 WhatsApp Bridge server started on port 3000","timestamp":"2025-08-11 18:43:37"}
{"level":"info","message":"🚀 Initializing WhatsApp Manager...","timestamp":"2025-08-11 18:43:37"}
{"intervalMinutes":5,"level":"info","message":"Autosave started","timestamp":"2025-08-11 18:43:37"}
{"level":"info","message":"📱 Restoring existing WhatsApp sessions...","timestamp":"2025-08-11 18:43:37"}
{"level":"info","message":"Starting session restoration from persistence","timestamp":"2025-08-11 18:43:37"}
{"file":"/home/douglas/Documents/AfrikSolutions/Projects/web-whatsapp/nodejs/whatsapp-bridge/src/data/active_sessions.json","level":"info","message":"Loaded saved sessions from disk","sessionCount":1,"timestamp":"2025-08-11 18:43:37"}
{"level":"info","message":"Found saved sessions to restore","sessionCount":1,"sessionIds":["session_2_17549340598880_0e2e3038"],"timestamp":"2025-08-11 18:43:37"}
{"count":1,"level":"info","message":"Found authentication directories","sessions":["session_2"],"timestamp":"2025-08-11 18:43:37"}
{"level":"warn","message":"Skipping invalid session during restoration","reason":"Failed integrity validation","sessionId":"session_2_17549340598880_0e2e3038","timestamp":"2025-08-11 18:43:37"}
{"level":"info","message":"Session restoration completed","restoredCount":0,"restoredSessions":[],"timestamp":"2025-08-11 18:43:37","totalFound":1}
{"count":1,"level":"info","message":"Found authentication directories","sessions":["session_2"],"timestamp":"2025-08-11 18:43:37"}
{"authDirectoriesFound":1,"level":"warn","message":"No active sessions provided for cleanup - skipping for safety","timestamp":"2025-08-11 18:43:37"}
{"level":"info","message":"✅ Session restoration completed","restoredCount":0,"sessions":[],"timestamp":"2025-08-11 18:43:37","totalFound":1}
{"level":"info","message":"🎉 All services initialized successfully","timestamp":"2025-08-11 18:43:37"}
{"level":"info","message":"============================================================","timestamp":"2025-08-11 18:43:37"}
{"level":"info","message":"🎉 WhatsApp Bridge Server is fully ready!","timestamp":"2025-08-11 18:43:37"}
{"level":"info","message":"📋 API Documentation: http://localhost:3000","timestamp":"2025-08-11 18:43:37"}
{"level":"info","message":"🔍 Health Check: http://localhost:3000/health","timestamp":"2025-08-11 18:43:37"}
{"level":"info","message":"📱 Sessions API: http://localhost:3000/api/sessions","timestamp":"2025-08-11 18:43:37"}
{"level":"info","message":"🌉 Bridge API: http://localhost:3000/api/bridge","timestamp":"2025-08-11 18:43:37"}
{"level":"info","message":"📊 Environment: development","timestamp":"2025-08-11 18:43:37"}
{"level":"info","message":"============================================================","timestamp":"2025-08-11 18:43:37"}
{"count":0,"level":"info","message":"[API] Sessions list requested","timestamp":"2025-08-11 18:43:39"}
{"level":"info","message":"[API] 127.0.0.1 - - [11/Aug/2025:17:43:39 +0000] \"GET /api/sessions HTTP/1.1\" 200 40 \"-\" \"curl/7.81.0\"","timestamp":"2025-08-11 18:43:39"}
{"file":"/home/douglas/Documents/AfrikSolutions/Projects/web-whatsapp/nodejs/whatsapp-bridge/src/data/active_sessions.json","level":"info","message":"Active sessions saved to disk","sessionCount":0,"timestamp":"2025-08-11 18:48:37"}
{"file":"/home/douglas/Documents/AfrikSolutions/Projects/web-whatsapp/nodejs/whatsapp-bridge/src/data/active_sessions.json","level":"info","message":"Active sessions saved to disk","sessionCount":0,"timestamp":"2025-08-11 18:53:37"}
{"file":"/home/douglas/Documents/AfrikSolutions/Projects/web-whatsapp/nodejs/whatsapp-bridge/src/data/active_sessions.json","level":"info","message":"Active sessions saved to disk","sessionCount":0,"timestamp":"2025-08-11 18:58:37"}
{"file":"/home/douglas/Documents/AfrikSolutions/Projects/web-whatsapp/nodejs/whatsapp-bridge/src/data/active_sessions.json","level":"info","message":"Active sessions saved to disk","sessionCount":0,"timestamp":"2025-08-11 19:03:37"}
{"file":"/home/douglas/Documents/AfrikSolutions/Projects/web-whatsapp/nodejs/whatsapp-bridge/src/data/active_sessions.json","level":"info","message":"Active sessions saved to disk","sessionCount":0,"timestamp":"2025-08-11 19:08:37"}
{"file":"/home/douglas/Documents/AfrikSolutions/Projects/web-whatsapp/nodejs/whatsapp-bridge/src/data/active_sessions.json","level":"info","message":"Active sessions saved to disk","sessionCount":0,"timestamp":"2025-08-11 19:13:37"}
{"file":"/home/douglas/Documents/AfrikSolutions/Projects/web-whatsapp/nodejs/whatsapp-bridge/src/data/active_sessions.json","level":"info","message":"Active sessions saved to disk","sessionCount":0,"timestamp":"2025-08-11 19:18:37"}
{"file":"/home/douglas/Documents/AfrikSolutions/Projects/web-whatsapp/nodejs/whatsapp-bridge/src/data/active_sessions.json","level":"info","message":"Active sessions saved to disk","sessionCount":0,"timestamp":"2025-08-11 19:23:37"}
{"file":"/home/douglas/Documents/AfrikSolutions/Projects/web-whatsapp/nodejs/whatsapp-bridge/src/data/active_sessions.json","level":"info","message":"Active sessions saved to disk","sessionCount":0,"timestamp":"2025-08-11 19:28:37"}
{"file":"/home/douglas/Documents/AfrikSolutions/Projects/web-whatsapp/nodejs/whatsapp-bridge/src/data/active_sessions.json","level":"info","message":"Active sessions saved to disk","sessionCount":0,"timestamp":"2025-08-11 19:33:37"}
{"file":"/home/douglas/Documents/AfrikSolutions/Projects/web-whatsapp/nodejs/whatsapp-bridge/src/data/active_sessions.json","level":"info","message":"Active sessions saved to disk","sessionCount":0,"timestamp":"2025-08-11 19:38:37"}
{"file":"/home/douglas/Documents/AfrikSolutions/Projects/web-whatsapp/nodejs/whatsapp-bridge/src/data/active_sessions.json","level":"info","message":"Active sessions saved to disk","sessionCount":0,"timestamp":"2025-08-11 19:43:37"}
{"file":"/home/douglas/Documents/AfrikSolutions/Projects/web-whatsapp/nodejs/whatsapp-bridge/src/data/active_sessions.json","level":"info","message":"Active sessions saved to disk","sessionCount":0,"timestamp":"2025-08-11 19:48:37"}
{"file":"/home/douglas/Documents/AfrikSolutions/Projects/web-whatsapp/nodejs/whatsapp-bridge/src/data/active_sessions.json","level":"info","message":"Active sessions saved to disk","sessionCount":0,"timestamp":"2025-08-11 19:53:37"}
{"ip":"127.0.0.1","level":"info","message":"[WhatsApp] 🚨 Session creation request received","requestBody":{"sessionId":"session_2_17549386340382_ec0d67b9","userId":2},"requestId":"1754938634058-u1tovq7ni","sessionId":"session_2_17549386340382_ec0d67b9","timestamp":"2025-08-11 19:57:14","userAgent":"Laravel-WhatsApp-QR-Service/1.0","userId":2}
{"level":"info","message":"[Session:session_2_17549386340382_ec0d67b9] Starting async initialization","requestId":"1754938634058-u1tovq7ni","timestamp":"2025-08-11 19:57:14","userId":2}
{"asyncInit":true,"level":"info","message":"[Session:session_2_17549386340382_ec0d67b9] Creating session","timestamp":"2025-08-11 19:57:14","userId":2}
{"level":"info","message":"[Session:session_2_17549386340382_ec0d67b9] Responding with 202 Accepted","requestId":"1754938634058-u1tovq7ni","timestamp":"2025-08-11 19:57:14"}
{"level":"info","message":"[API] 127.0.0.1 - - [11/Aug/2025:18:57:14 +0000] \"POST /api/sessions/create HTTP/1.1\" 202 180 \"-\" \"Laravel-WhatsApp-QR-Service/1.0\"","timestamp":"2025-08-11 19:57:14"}
{"file":"/home/douglas/Documents/AfrikSolutions/Projects/web-whatsapp/nodejs/whatsapp-bridge/src/data/active_sessions.json","level":"info","message":"Active sessions saved to disk","sessionCount":1,"timestamp":"2025-08-11 19:57:14"}
{"level":"info","message":"[Session:session_2_17549386340382_ec0d67b9] Starting ASYNC initialization","timestamp":"2025-08-11 19:57:14","userId":2}
{"level":"info","message":"[Session:session_2_17549386340382_ec0d67b9] Returning immediately (async mode)","timestamp":"2025-08-11 19:57:14","userId":2}
{"level":"info","message":"[Session:session_2_17549386340382_ec0d67b9] QR code requested","timestamp":"2025-08-11 19:57:14"}
{"level":"info","message":"[Session:session_2_17549386340382_ec0d67b9] QR code not available","timestamp":"2025-08-11 19:57:14"}
{"level":"info","message":"[API] 127.0.0.1 - - [11/Aug/2025:18:57:14 +0000] \"GET /api/sessions/session_2_17549386340382_ec0d67b9/qr HTTP/1.1\" 404 51 \"-\" \"Laravel-WhatsApp-QR-Service/1.0\"","timestamp":"2025-08-11 19:57:14"}
{"level":"info","message":"[Session:session_2_17549386340382_ec0d67b9] QR code requested","timestamp":"2025-08-11 19:57:14"}
{"level":"info","message":"[Session:session_2_17549386340382_ec0d67b9] QR code not available","timestamp":"2025-08-11 19:57:14"}
{"level":"info","message":"[API] 127.0.0.1 - - [11/Aug/2025:18:57:14 +0000] \"GET /api/sessions/session_2_17549386340382_ec0d67b9/qr HTTP/1.1\" 404 51 \"-\" \"Laravel-WhatsApp-QR-Service/1.0\"","timestamp":"2025-08-11 19:57:14"}
{"level":"info","message":"[Session:session_2_17549386340382_ec0d67b9] QR code requested","timestamp":"2025-08-11 19:57:16"}
{"level":"info","message":"[Session:session_2_17549386340382_ec0d67b9] QR code not available","timestamp":"2025-08-11 19:57:16"}
{"level":"info","message":"[API] 127.0.0.1 - - [11/Aug/2025:18:57:16 +0000] \"GET /api/sessions/session_2_17549386340382_ec0d67b9/qr HTTP/1.1\" 404 51 \"-\" \"Laravel-WhatsApp-QR-Service/1.0\"","timestamp":"2025-08-11 19:57:16"}
{"level":"info","message":"[Session:session_2_17549386340382_ec0d67b9] QR code requested","timestamp":"2025-08-11 19:57:17"}
{"level":"info","message":"[Session:session_2_17549386340382_ec0d67b9] QR code not available","timestamp":"2025-08-11 19:57:17"}
{"level":"info","message":"[API] 127.0.0.1 - - [11/Aug/2025:18:57:17 +0000] \"GET /api/sessions/session_2_17549386340382_ec0d67b9/qr HTTP/1.1\" 404 51 \"-\" \"Laravel-WhatsApp-QR-Service/1.0\"","timestamp":"2025-08-11 19:57:17"}
{"level":"info","message":"[Session:session_2_17549386340382_ec0d67b9] QR code requested","timestamp":"2025-08-11 19:57:19"}
{"level":"info","message":"[Session:session_2_17549386340382_ec0d67b9] QR code not available","timestamp":"2025-08-11 19:57:19"}
{"level":"info","message":"[API] 127.0.0.1 - - [11/Aug/2025:18:57:19 +0000] \"GET /api/sessions/session_2_17549386340382_ec0d67b9/qr HTTP/1.1\" 404 51 \"-\" \"Laravel-WhatsApp-QR-Service/1.0\"","timestamp":"2025-08-11 19:57:19"}
{"level":"info","message":"[Session:session_2_17549386340382_ec0d67b9] QR code requested","timestamp":"2025-08-11 19:57:19"}
{"level":"info","message":"[Session:session_2_17549386340382_ec0d67b9] QR code not available","timestamp":"2025-08-11 19:57:19"}
{"level":"info","message":"[API] 127.0.0.1 - - [11/Aug/2025:18:57:19 +0000] \"GET /api/sessions/session_2_17549386340382_ec0d67b9/qr HTTP/1.1\" 404 51 \"-\" \"Laravel-WhatsApp-QR-Service/1.0\"","timestamp":"2025-08-11 19:57:19"}
{"level":"info","message":"[Session:session_2_17549386340382_ec0d67b9] QR code requested","timestamp":"2025-08-11 19:57:21"}
{"level":"info","message":"[Session:session_2_17549386340382_ec0d67b9] QR code not available","timestamp":"2025-08-11 19:57:21"}
{"level":"info","message":"[API] 127.0.0.1 - - [11/Aug/2025:18:57:21 +0000] \"GET /api/sessions/session_2_17549386340382_ec0d67b9/qr HTTP/1.1\" 404 51 \"-\" \"Laravel-WhatsApp-QR-Service/1.0\"","timestamp":"2025-08-11 19:57:21"}
{"level":"info","message":"[Session:session_2_17549386340382_ec0d67b9] QR code requested","timestamp":"2025-08-11 19:57:22"}
{"level":"info","message":"[Session:session_2_17549386340382_ec0d67b9] QR code not available","timestamp":"2025-08-11 19:57:22"}
{"level":"info","message":"[API] 127.0.0.1 - - [11/Aug/2025:18:57:22 +0000] \"GET /api/sessions/session_2_17549386340382_ec0d67b9/qr HTTP/1.1\" 404 51 \"-\" \"Laravel-WhatsApp-QR-Service/1.0\"","timestamp":"2025-08-11 19:57:22"}
{"level":"info","message":"[Session:session_2_17549386340382_ec0d67b9] QR code requested","timestamp":"2025-08-11 19:57:24"}
{"level":"info","message":"[Session:session_2_17549386340382_ec0d67b9] QR code not available","timestamp":"2025-08-11 19:57:24"}
{"level":"info","message":"[API] 127.0.0.1 - - [11/Aug/2025:18:57:24 +0000] \"GET /api/sessions/session_2_17549386340382_ec0d67b9/qr HTTP/1.1\" 404 51 \"-\" \"Laravel-WhatsApp-QR-Service/1.0\"","timestamp":"2025-08-11 19:57:24"}
{"level":"info","message":"[Session:session_2_17549386340382_ec0d67b9] QR code requested","timestamp":"2025-08-11 19:57:24"}
{"level":"info","message":"[Session:session_2_17549386340382_ec0d67b9] QR code not available","timestamp":"2025-08-11 19:57:24"}
{"level":"info","message":"[API] 127.0.0.1 - - [11/Aug/2025:18:57:24 +0000] \"GET /api/sessions/session_2_17549386340382_ec0d67b9/qr HTTP/1.1\" 404 51 \"-\" \"Laravel-WhatsApp-QR-Service/1.0\"","timestamp":"2025-08-11 19:57:24"}
{"level":"info","message":"[Session:session_2_17549386340382_ec0d67b9] QR generated","qrLength":239,"timestamp":"2025-08-11 19:57:26","userId":2}
{"level":"info","message":"[Session:session_2_17549386340382_ec0d67b9] QR code requested","timestamp":"2025-08-11 19:57:27"}
{"level":"info","message":"[Session:session_2_17549386340382_ec0d67b9] QR code provided","timestamp":"2025-08-11 19:57:27"}
{"level":"info","message":"[API] 127.0.0.1 - - [11/Aug/2025:18:57:27 +0000] \"GET /api/sessions/session_2_17549386340382_ec0d67b9/qr HTTP/1.1\" 200 267 \"-\" \"Laravel-WhatsApp-QR-Service/1.0\"","timestamp":"2025-08-11 19:57:27"}
{"level":"info","message":"[Session:session_2_17549386340382_ec0d67b9] Status check requested","timestamp":"2025-08-11 19:57:57"}
{"level":"info","message":"[Session:session_2_17549386340382_ec0d67b9] Status retrieved","status":"qr_code_ready","timestamp":"2025-08-11 19:57:57"}
{"level":"info","message":"[API] 127.0.0.1 - - [11/Aug/2025:18:57:57 +0000] \"GET /api/sessions/session_2_17549386340382_ec0d67b9/status HTTP/1.1\" 200 397 \"-\" \"Laravel-WhatsApp-QR-Service/1.0\"","timestamp":"2025-08-11 19:57:57"}
{"level":"info","message":"[Session:session_2_17549386340382_ec0d67b9] Status check requested","timestamp":"2025-08-11 19:58:01"}
{"level":"info","message":"[Session:session_2_17549386340382_ec0d67b9] Status retrieved","status":"qr_code_ready","timestamp":"2025-08-11 19:58:01"}
{"level":"info","message":"[API] 127.0.0.1 - - [11/Aug/2025:18:58:01 +0000] \"GET /api/sessions/session_2_17549386340382_ec0d67b9/status HTTP/1.1\" 200 397 \"-\" \"Laravel-WhatsApp-QR-Service/1.0\"","timestamp":"2025-08-11 19:58:01"}
{"level":"info","message":"[Session:session_2_17549386340382_ec0d67b9] Status check requested","timestamp":"2025-08-11 19:58:04"}
{"level":"info","message":"[Session:session_2_17549386340382_ec0d67b9] Status retrieved","status":"qr_code_ready","timestamp":"2025-08-11 19:58:04"}
{"level":"info","message":"[API] 127.0.0.1 - - [11/Aug/2025:18:58:04 +0000] \"GET /api/sessions/session_2_17549386340382_ec0d67b9/status HTTP/1.1\" 200 397 \"-\" \"Laravel-WhatsApp-QR-Service/1.0\"","timestamp":"2025-08-11 19:58:04"}
{"level":"info","message":"[Session:session_2_17549386340382_ec0d67b9] Status check requested","timestamp":"2025-08-11 19:58:07"}
{"level":"info","message":"[Session:session_2_17549386340382_ec0d67b9] Status retrieved","status":"qr_code_ready","timestamp":"2025-08-11 19:58:07"}
{"level":"info","message":"[API] 127.0.0.1 - - [11/Aug/2025:18:58:07 +0000] \"GET /api/sessions/session_2_17549386340382_ec0d67b9/status HTTP/1.1\" 200 397 \"-\" \"Laravel-WhatsApp-QR-Service/1.0\"","timestamp":"2025-08-11 19:58:07"}
{"level":"info","message":"[Session:session_2_17549386340382_ec0d67b9] Status check requested","timestamp":"2025-08-11 19:58:11"}
{"level":"info","message":"[Session:session_2_17549386340382_ec0d67b9] Status retrieved","status":"qr_code_ready","timestamp":"2025-08-11 19:58:11"}
{"level":"info","message":"[API] 127.0.0.1 - - [11/Aug/2025:18:58:11 +0000] \"GET /api/sessions/session_2_17549386340382_ec0d67b9/status HTTP/1.1\" 200 397 \"-\" \"Laravel-WhatsApp-QR-Service/1.0\"","timestamp":"2025-08-11 19:58:11"}
{"level":"info","message":"[Session:session_2_17549386340382_ec0d67b9] Status check requested","timestamp":"2025-08-11 19:58:15"}
{"level":"info","message":"[Session:session_2_17549386340382_ec0d67b9] Status retrieved","status":"qr_code_ready","timestamp":"2025-08-11 19:58:15"}
{"level":"info","message":"[API] 127.0.0.1 - - [11/Aug/2025:18:58:15 +0000] \"GET /api/sessions/session_2_17549386340382_ec0d67b9/status HTTP/1.1\" 200 397 \"-\" \"Laravel-WhatsApp-QR-Service/1.0\"","timestamp":"2025-08-11 19:58:15"}
{"level":"info","message":"[Session:session_2_17549386340382_ec0d67b9] Status check requested","timestamp":"2025-08-11 19:58:18"}
{"level":"info","message":"[Session:session_2_17549386340382_ec0d67b9] Status retrieved","status":"qr_code_ready","timestamp":"2025-08-11 19:58:18"}
{"level":"info","message":"[API] 127.0.0.1 - - [11/Aug/2025:18:58:18 +0000] \"GET /api/sessions/session_2_17549386340382_ec0d67b9/status HTTP/1.1\" 200 397 \"-\" \"Laravel-WhatsApp-QR-Service/1.0\"","timestamp":"2025-08-11 19:58:18"}
{"level":"info","message":"[Session:session_2_17549386340382_ec0d67b9] Status check requested","timestamp":"2025-08-11 19:58:22"}
{"level":"info","message":"[Session:session_2_17549386340382_ec0d67b9] Status retrieved","status":"qr_code_ready","timestamp":"2025-08-11 19:58:22"}
{"level":"info","message":"[API] 127.0.0.1 - - [11/Aug/2025:18:58:22 +0000] \"GET /api/sessions/session_2_17549386340382_ec0d67b9/status HTTP/1.1\" 200 397 \"-\" \"Laravel-WhatsApp-QR-Service/1.0\"","timestamp":"2025-08-11 19:58:22"}
{"level":"info","message":"[Session:session_2_17549386340382_ec0d67b9] Status check requested","timestamp":"2025-08-11 19:58:25"}
{"level":"info","message":"[Session:session_2_17549386340382_ec0d67b9] Status retrieved","status":"qr_code_ready","timestamp":"2025-08-11 19:58:25"}
{"level":"info","message":"[API] 127.0.0.1 - - [11/Aug/2025:18:58:25 +0000] \"GET /api/sessions/session_2_17549386340382_ec0d67b9/status HTTP/1.1\" 200 397 \"-\" \"Laravel-WhatsApp-QR-Service/1.0\"","timestamp":"2025-08-11 19:58:25"}
{"level":"info","message":"[Session:session_2_17549386340382_ec0d67b9] Status check requested","timestamp":"2025-08-11 19:58:28"}
{"level":"info","message":"[Session:session_2_17549386340382_ec0d67b9] Status retrieved","status":"qr_code_ready","timestamp":"2025-08-11 19:58:28"}
{"level":"info","message":"[API] 127.0.0.1 - - [11/Aug/2025:18:58:28 +0000] \"GET /api/sessions/session_2_17549386340382_ec0d67b9/status HTTP/1.1\" 200 397 \"-\" \"Laravel-WhatsApp-QR-Service/1.0\"","timestamp":"2025-08-11 19:58:28"}
{"level":"info","message":"[Session:session_2_17549386340382_ec0d67b9] Status check requested","timestamp":"2025-08-11 19:58:32"}
{"level":"info","message":"[Session:session_2_17549386340382_ec0d67b9] Status retrieved","status":"qr_code_ready","timestamp":"2025-08-11 19:58:32"}
{"level":"info","message":"[API] 127.0.0.1 - - [11/Aug/2025:18:58:32 +0000] \"GET /api/sessions/session_2_17549386340382_ec0d67b9/status HTTP/1.1\" 200 397 \"-\" \"Laravel-WhatsApp-QR-Service/1.0\"","timestamp":"2025-08-11 19:58:32"}
{"level":"info","message":"[Session:session_2_17549386340382_ec0d67b9] Status check requested","timestamp":"2025-08-11 19:58:35"}
{"level":"info","message":"[Session:session_2_17549386340382_ec0d67b9] Status retrieved","status":"qr_code_ready","timestamp":"2025-08-11 19:58:35"}
{"level":"info","message":"[API] 127.0.0.1 - - [11/Aug/2025:18:58:35 +0000] \"GET /api/sessions/session_2_17549386340382_ec0d67b9/status HTTP/1.1\" 200 397 \"-\" \"Laravel-WhatsApp-QR-Service/1.0\"","timestamp":"2025-08-11 19:58:35"}
{"file":"/home/douglas/Documents/AfrikSolutions/Projects/web-whatsapp/nodejs/whatsapp-bridge/src/data/active_sessions.json","level":"info","message":"Active sessions saved to disk","sessionCount":1,"timestamp":"2025-08-11 19:58:37"}
{"level":"info","message":"[Session:session_2_17549386340382_ec0d67b9] Status check requested","timestamp":"2025-08-11 19:58:38"}
{"level":"info","message":"[Session:session_2_17549386340382_ec0d67b9] Status retrieved","status":"qr_code_ready","timestamp":"2025-08-11 19:58:38"}
{"level":"info","message":"[API] 127.0.0.1 - - [11/Aug/2025:18:58:38 +0000] \"GET /api/sessions/session_2_17549386340382_ec0d67b9/status HTTP/1.1\" 200 397 \"-\" \"Laravel-WhatsApp-QR-Service/1.0\"","timestamp":"2025-08-11 19:58:38"}
{"level":"info","message":"[Session:session_2_17549386340382_ec0d67b9] Status check requested","timestamp":"2025-08-11 19:58:42"}
{"level":"info","message":"[Session:session_2_17549386340382_ec0d67b9] Status retrieved","status":"qr_code_ready","timestamp":"2025-08-11 19:58:42"}
{"level":"info","message":"[API] 127.0.0.1 - - [11/Aug/2025:18:58:42 +0000] \"GET /api/sessions/session_2_17549386340382_ec0d67b9/status HTTP/1.1\" 200 397 \"-\" \"Laravel-WhatsApp-QR-Service/1.0\"","timestamp":"2025-08-11 19:58:42"}
{"level":"info","message":"[Session:session_2_17549386340382_ec0d67b9] Status check requested","timestamp":"2025-08-11 19:58:45"}
{"level":"info","message":"[Session:session_2_17549386340382_ec0d67b9] Status retrieved","status":"qr_code_ready","timestamp":"2025-08-11 19:58:45"}
{"level":"info","message":"[API] 127.0.0.1 - - [11/Aug/2025:18:58:45 +0000] \"GET /api/sessions/session_2_17549386340382_ec0d67b9/status HTTP/1.1\" 200 397 \"-\" \"Laravel-WhatsApp-QR-Service/1.0\"","timestamp":"2025-08-11 19:58:45"}
{"level":"info","message":"[Session:session_2_17549386340382_ec0d67b9] Status check requested","timestamp":"2025-08-11 19:58:48"}
{"level":"info","message":"[Session:session_2_17549386340382_ec0d67b9] Status retrieved","status":"qr_code_ready","timestamp":"2025-08-11 19:58:48"}
{"level":"info","message":"[API] 127.0.0.1 - - [11/Aug/2025:18:58:48 +0000] \"GET /api/sessions/session_2_17549386340382_ec0d67b9/status HTTP/1.1\" 200 397 \"-\" \"Laravel-WhatsApp-QR-Service/1.0\"","timestamp":"2025-08-11 19:58:48"}
{"level":"info","message":"[Session:session_2_17549386340382_ec0d67b9] Status check requested","timestamp":"2025-08-11 19:58:52"}
{"level":"info","message":"[Session:session_2_17549386340382_ec0d67b9] Status retrieved","status":"qr_code_ready","timestamp":"2025-08-11 19:58:52"}
{"level":"info","message":"[API] 127.0.0.1 - - [11/Aug/2025:18:58:52 +0000] \"GET /api/sessions/session_2_17549386340382_ec0d67b9/status HTTP/1.1\" 200 397 \"-\" \"Laravel-WhatsApp-QR-Service/1.0\"","timestamp":"2025-08-11 19:58:52"}
{"level":"info","message":"[Session:session_2_17549386340382_ec0d67b9] Status check requested","timestamp":"2025-08-11 19:58:55"}
{"level":"info","message":"[Session:session_2_17549386340382_ec0d67b9] Status retrieved","status":"qr_code_ready","timestamp":"2025-08-11 19:58:55"}
{"level":"info","message":"[API] 127.0.0.1 - - [11/Aug/2025:18:58:55 +0000] \"GET /api/sessions/session_2_17549386340382_ec0d67b9/status HTTP/1.1\" 200 397 \"-\" \"Laravel-WhatsApp-QR-Service/1.0\"","timestamp":"2025-08-11 19:58:55"}
{"level":"info","message":"[Session:session_2_17549386340382_ec0d67b9] Status check requested","timestamp":"2025-08-11 19:58:58"}
{"level":"info","message":"[Session:session_2_17549386340382_ec0d67b9] Status retrieved","status":"qr_code_ready","timestamp":"2025-08-11 19:58:58"}
{"level":"info","message":"[API] 127.0.0.1 - - [11/Aug/2025:18:58:58 +0000] \"GET /api/sessions/session_2_17549386340382_ec0d67b9/status HTTP/1.1\" 200 397 \"-\" \"Laravel-WhatsApp-QR-Service/1.0\"","timestamp":"2025-08-11 19:58:58"}
{"level":"info","message":"[Session:session_2_17549386340382_ec0d67b9] Status check requested","timestamp":"2025-08-11 19:59:02"}
{"level":"info","message":"[Session:session_2_17549386340382_ec0d67b9] Status retrieved","status":"qr_code_ready","timestamp":"2025-08-11 19:59:02"}
{"level":"info","message":"[API] 127.0.0.1 - - [11/Aug/2025:18:59:02 +0000] \"GET /api/sessions/session_2_17549386340382_ec0d67b9/status HTTP/1.1\" 200 397 \"-\" \"Laravel-WhatsApp-QR-Service/1.0\"","timestamp":"2025-08-11 19:59:02"}
{"level":"info","message":"[Session:session_2_17549386340382_ec0d67b9] Status check requested","timestamp":"2025-08-11 19:59:05"}
{"level":"info","message":"[Session:session_2_17549386340382_ec0d67b9] Status retrieved","status":"qr_code_ready","timestamp":"2025-08-11 19:59:05"}
{"level":"info","message":"[API] 127.0.0.1 - - [11/Aug/2025:18:59:05 +0000] \"GET /api/sessions/session_2_17549386340382_ec0d67b9/status HTTP/1.1\" 200 397 \"-\" \"Laravel-WhatsApp-QR-Service/1.0\"","timestamp":"2025-08-11 19:59:05"}
{"level":"info","message":"[Session:session_2_17549386340382_ec0d67b9] Status check requested","timestamp":"2025-08-11 19:59:08"}
{"level":"info","message":"[Session:session_2_17549386340382_ec0d67b9] Status retrieved","status":"qr_code_ready","timestamp":"2025-08-11 19:59:08"}
{"level":"info","message":"[API] 127.0.0.1 - - [11/Aug/2025:18:59:08 +0000] \"GET /api/sessions/session_2_17549386340382_ec0d67b9/status HTTP/1.1\" 200 397 \"-\" \"Laravel-WhatsApp-QR-Service/1.0\"","timestamp":"2025-08-11 19:59:08"}
{"level":"info","message":"[Session:session_2_17549386340382_ec0d67b9] Status check requested","timestamp":"2025-08-11 19:59:12"}
{"level":"info","message":"[Session:session_2_17549386340382_ec0d67b9] Status retrieved","status":"qr_code_ready","timestamp":"2025-08-11 19:59:12"}
{"level":"info","message":"[API] 127.0.0.1 - - [11/Aug/2025:18:59:12 +0000] \"GET /api/sessions/session_2_17549386340382_ec0d67b9/status HTTP/1.1\" 200 397 \"-\" \"Laravel-WhatsApp-QR-Service/1.0\"","timestamp":"2025-08-11 19:59:12"}
{"level":"info","message":"[Session:session_2_17549386340382_ec0d67b9] Status check requested","timestamp":"2025-08-11 19:59:15"}
{"level":"info","message":"[Session:session_2_17549386340382_ec0d67b9] Status retrieved","status":"qr_code_ready","timestamp":"2025-08-11 19:59:15"}
{"level":"info","message":"[API] 127.0.0.1 - - [11/Aug/2025:18:59:15 +0000] \"GET /api/sessions/session_2_17549386340382_ec0d67b9/status HTTP/1.1\" 200 397 \"-\" \"Laravel-WhatsApp-QR-Service/1.0\"","timestamp":"2025-08-11 19:59:15"}
{"level":"info","message":"[Session:session_2_17549386340382_ec0d67b9] Status check requested","timestamp":"2025-08-11 19:59:18"}
{"level":"info","message":"[Session:session_2_17549386340382_ec0d67b9] Status retrieved","status":"qr_code_ready","timestamp":"2025-08-11 19:59:18"}
{"level":"info","message":"[API] 127.0.0.1 - - [11/Aug/2025:18:59:18 +0000] \"GET /api/sessions/session_2_17549386340382_ec0d67b9/status HTTP/1.1\" 200 397 \"-\" \"Laravel-WhatsApp-QR-Service/1.0\"","timestamp":"2025-08-11 19:59:18"}
{"level":"info","message":"[Session:session_2_17549386340382_ec0d67b9] Status check requested","timestamp":"2025-08-11 19:59:22"}
{"level":"info","message":"[Session:session_2_17549386340382_ec0d67b9] Status retrieved","status":"qr_code_ready","timestamp":"2025-08-11 19:59:22"}
{"level":"info","message":"[API] 127.0.0.1 - - [11/Aug/2025:18:59:22 +0000] \"GET /api/sessions/session_2_17549386340382_ec0d67b9/status HTTP/1.1\" 200 397 \"-\" \"Laravel-WhatsApp-QR-Service/1.0\"","timestamp":"2025-08-11 19:59:22"}
{"level":"info","message":"[Session:session_2_17549386340382_ec0d67b9] Status check requested","timestamp":"2025-08-11 19:59:25"}
{"level":"info","message":"[Session:session_2_17549386340382_ec0d67b9] Status retrieved","status":"qr_code_ready","timestamp":"2025-08-11 19:59:25"}
{"level":"info","message":"[API] 127.0.0.1 - - [11/Aug/2025:18:59:25 +0000] \"GET /api/sessions/session_2_17549386340382_ec0d67b9/status HTTP/1.1\" 200 397 \"-\" \"Laravel-WhatsApp-QR-Service/1.0\"","timestamp":"2025-08-11 19:59:25"}
{"level":"info","message":"[Session:session_2_17549386340382_ec0d67b9] Status check requested","timestamp":"2025-08-11 19:59:28"}
{"level":"info","message":"[Session:session_2_17549386340382_ec0d67b9] Status retrieved","status":"qr_code_ready","timestamp":"2025-08-11 19:59:28"}
{"level":"info","message":"[API] 127.0.0.1 - - [11/Aug/2025:18:59:28 +0000] \"GET /api/sessions/session_2_17549386340382_ec0d67b9/status HTTP/1.1\" 200 397 \"-\" \"Laravel-WhatsApp-QR-Service/1.0\"","timestamp":"2025-08-11 19:59:28"}
{"level":"info","message":"[Session:session_2_17549386340382_ec0d67b9] Status check requested","timestamp":"2025-08-11 19:59:32"}
{"level":"info","message":"[Session:session_2_17549386340382_ec0d67b9] Status retrieved","status":"qr_code_ready","timestamp":"2025-08-11 19:59:32"}
{"level":"info","message":"[API] 127.0.0.1 - - [11/Aug/2025:18:59:32 +0000] \"GET /api/sessions/session_2_17549386340382_ec0d67b9/status HTTP/1.1\" 200 397 \"-\" \"Laravel-WhatsApp-QR-Service/1.0\"","timestamp":"2025-08-11 19:59:32"}
{"level":"info","message":"[Session:session_2_17549386340382_ec0d67b9] Status check requested","timestamp":"2025-08-11 19:59:35"}
{"level":"info","message":"[Session:session_2_17549386340382_ec0d67b9] Status retrieved","status":"qr_code_ready","timestamp":"2025-08-11 19:59:35"}
{"level":"info","message":"[API] 127.0.0.1 - - [11/Aug/2025:18:59:35 +0000] \"GET /api/sessions/session_2_17549386340382_ec0d67b9/status HTTP/1.1\" 200 397 \"-\" \"Laravel-WhatsApp-QR-Service/1.0\"","timestamp":"2025-08-11 19:59:35"}
{"count":1,"level":"info","message":"[API] Sessions list requested","timestamp":"2025-08-11 19:59:37"}
{"level":"info","message":"[API] 127.0.0.1 - - [11/Aug/2025:18:59:37 +0000] \"GET /api/sessions HTTP/1.1\" 200 206 \"-\" \"curl/7.81.0\"","timestamp":"2025-08-11 19:59:37"}
{"level":"info","message":"[Session:session_2_17549386340382_ec0d67b9] Status check requested","timestamp":"2025-08-11 19:59:38"}
{"level":"info","message":"[Session:session_2_17549386340382_ec0d67b9] Status retrieved","status":"qr_code_ready","timestamp":"2025-08-11 19:59:38"}
{"level":"info","message":"[API] 127.0.0.1 - - [11/Aug/2025:18:59:38 +0000] \"GET /api/sessions/session_2_17549386340382_ec0d67b9/status HTTP/1.1\" 200 397 \"-\" \"Laravel-WhatsApp-QR-Service/1.0\"","timestamp":"2025-08-11 19:59:38"}
{"level":"info","message":"[Session:session_2_17549386340382_ec0d67b9] Status check requested","timestamp":"2025-08-11 19:59:42"}
{"level":"info","message":"[Session:session_2_17549386340382_ec0d67b9] Status retrieved","status":"qr_code_ready","timestamp":"2025-08-11 19:59:42"}
{"level":"info","message":"[API] 127.0.0.1 - - [11/Aug/2025:18:59:42 +0000] \"GET /api/sessions/session_2_17549386340382_ec0d67b9/status HTTP/1.1\" 200 397 \"-\" \"Laravel-WhatsApp-QR-Service/1.0\"","timestamp":"2025-08-11 19:59:42"}
{"level":"info","message":"[Session:session_2_17549386340382_ec0d67b9] Status check requested","timestamp":"2025-08-11 19:59:45"}
{"level":"info","message":"[Session:session_2_17549386340382_ec0d67b9] Status retrieved","status":"qr_code_ready","timestamp":"2025-08-11 19:59:45"}
{"level":"info","message":"[API] 127.0.0.1 - - [11/Aug/2025:18:59:45 +0000] \"GET /api/sessions/session_2_17549386340382_ec0d67b9/status HTTP/1.1\" 200 397 \"-\" \"Laravel-WhatsApp-QR-Service/1.0\"","timestamp":"2025-08-11 19:59:45"}
{"level":"info","message":"[Session:session_2_17549386340382_ec0d67b9] Status check requested","timestamp":"2025-08-11 19:59:48"}
{"level":"info","message":"[Session:session_2_17549386340382_ec0d67b9] Status retrieved","status":"qr_code_ready","timestamp":"2025-08-11 19:59:48"}
{"level":"info","message":"[API] 127.0.0.1 - - [11/Aug/2025:18:59:48 +0000] \"GET /api/sessions/session_2_17549386340382_ec0d67b9/status HTTP/1.1\" 200 397 \"-\" \"Laravel-WhatsApp-QR-Service/1.0\"","timestamp":"2025-08-11 19:59:48"}
{"level":"info","message":"[Session:session_2_17549386340382_ec0d67b9] Status check requested","timestamp":"2025-08-11 19:59:52"}
{"level":"info","message":"[Session:session_2_17549386340382_ec0d67b9] Status retrieved","status":"qr_code_ready","timestamp":"2025-08-11 19:59:52"}
{"level":"info","message":"[API] 127.0.0.1 - - [11/Aug/2025:18:59:52 +0000] \"GET /api/sessions/session_2_17549386340382_ec0d67b9/status HTTP/1.1\" 200 397 \"-\" \"Laravel-WhatsApp-QR-Service/1.0\"","timestamp":"2025-08-11 19:59:52"}
{"level":"info","message":"[Session:session_2_17549386340382_ec0d67b9] Status check requested","timestamp":"2025-08-11 19:59:55"}
{"level":"info","message":"[Session:session_2_17549386340382_ec0d67b9] Status retrieved","status":"qr_code_ready","timestamp":"2025-08-11 19:59:55"}
{"level":"info","message":"[API] 127.0.0.1 - - [11/Aug/2025:18:59:55 +0000] \"GET /api/sessions/session_2_17549386340382_ec0d67b9/status HTTP/1.1\" 200 397 \"-\" \"Laravel-WhatsApp-QR-Service/1.0\"","timestamp":"2025-08-11 19:59:55"}
{"level":"info","message":"[Session:session_2_17549386340382_ec0d67b9] Status check requested","timestamp":"2025-08-11 19:59:59"}
{"level":"info","message":"[Session:session_2_17549386340382_ec0d67b9] Status retrieved","status":"qr_code_ready","timestamp":"2025-08-11 19:59:59"}
{"level":"info","message":"[API] 127.0.0.1 - - [11/Aug/2025:18:59:59 +0000] \"GET /api/sessions/session_2_17549386340382_ec0d67b9/status HTTP/1.1\" 200 397 \"-\" \"Laravel-WhatsApp-QR-Service/1.0\"","timestamp":"2025-08-11 19:59:59"}
{"level":"info","message":"[Session:session_2_17549386340382_ec0d67b9] Status check requested","timestamp":"2025-08-11 19:59:59"}
{"level":"info","message":"[Session:session_2_17549386340382_ec0d67b9] Status retrieved","status":"qr_code_ready","timestamp":"2025-08-11 19:59:59"}
{"level":"info","message":"[API] 127.0.0.1 - - [11/Aug/2025:18:59:59 +0000] \"GET /api/sessions/session_2_17549386340382_ec0d67b9/status HTTP/1.1\" 200 397 \"-\" \"curl/7.81.0\"","timestamp":"2025-08-11 19:59:59"}
{"level":"info","message":"[Session:session_2_17549386340382_ec0d67b9] Status check requested","timestamp":"2025-08-11 20:00:02"}
{"level":"info","message":"[Session:session_2_17549386340382_ec0d67b9] Status retrieved","status":"qr_code_ready","timestamp":"2025-08-11 20:00:02"}
{"level":"info","message":"[API] 127.0.0.1 - - [11/Aug/2025:19:00:02 +0000] \"GET /api/sessions/session_2_17549386340382_ec0d67b9/status HTTP/1.1\" 200 397 \"-\" \"Laravel-WhatsApp-QR-Service/1.0\"","timestamp":"2025-08-11 20:00:02"}
{"level":"info","message":"[Session:session_2_17549386340382_ec0d67b9] Status check requested","timestamp":"2025-08-11 20:00:05"}
{"level":"info","message":"[Session:session_2_17549386340382_ec0d67b9] Status retrieved","status":"qr_code_ready","timestamp":"2025-08-11 20:00:05"}
{"level":"info","message":"[API] 127.0.0.1 - - [11/Aug/2025:19:00:05 +0000] \"GET /api/sessions/session_2_17549386340382_ec0d67b9/status HTTP/1.1\" 200 397 \"-\" \"Laravel-WhatsApp-QR-Service/1.0\"","timestamp":"2025-08-11 20:00:05"}
{"ip":"127.0.0.1","level":"info","message":"[WhatsApp] 🚨 Session creation request received","requestBody":{"sessionId":"session_2_17549388092442_1115809a","userId":2},"requestId":"1754938809247-tz7ycui9e","sessionId":"session_2_17549388092442_1115809a","timestamp":"2025-08-11 20:00:09","userAgent":"Laravel-WhatsApp-QR-Service/1.0","userId":2}
{"level":"info","message":"[Session:session_2_17549388092442_1115809a] Starting async initialization","requestId":"1754938809247-tz7ycui9e","timestamp":"2025-08-11 20:00:09","userId":2}
{"asyncInit":true,"level":"info","message":"[Session:session_2_17549388092442_1115809a] Creating session","timestamp":"2025-08-11 20:00:09","userId":2}
{"level":"info","message":"[Session:session_2_17549388092442_1115809a] Responding with 202 Accepted","requestId":"1754938809247-tz7ycui9e","timestamp":"2025-08-11 20:00:09"}
{"level":"info","message":"[API] 127.0.0.1 - - [11/Aug/2025:19:00:09 +0000] \"POST /api/sessions/create HTTP/1.1\" 202 180 \"-\" \"Laravel-WhatsApp-QR-Service/1.0\"","timestamp":"2025-08-11 20:00:09"}
{"file":"/home/douglas/Documents/AfrikSolutions/Projects/web-whatsapp/nodejs/whatsapp-bridge/src/data/active_sessions.json","level":"info","message":"Active sessions saved to disk","sessionCount":2,"timestamp":"2025-08-11 20:00:09"}
{"level":"info","message":"[Session:session_2_17549388092442_1115809a] Starting ASYNC initialization","timestamp":"2025-08-11 20:00:09","userId":2}
{"level":"info","message":"[Session:session_2_17549388092442_1115809a] Returning immediately (async mode)","timestamp":"2025-08-11 20:00:09","userId":2}
{"level":"info","message":"[Session:session_2_17549388092442_1115809a] QR code requested","timestamp":"2025-08-11 20:00:09"}
{"level":"info","message":"[Session:session_2_17549388092442_1115809a] QR code not available","timestamp":"2025-08-11 20:00:09"}
{"level":"info","message":"[API] 127.0.0.1 - - [11/Aug/2025:19:00:09 +0000] \"GET /api/sessions/session_2_17549388092442_1115809a/qr HTTP/1.1\" 404 51 \"-\" \"Laravel-WhatsApp-QR-Service/1.0\"","timestamp":"2025-08-11 20:00:09"}
{"level":"info","message":"[Session:session_2_17549388092442_1115809a] QR code requested","timestamp":"2025-08-11 20:00:09"}
{"level":"info","message":"[Session:session_2_17549388092442_1115809a] QR code not available","timestamp":"2025-08-11 20:00:09"}
{"level":"info","message":"[API] 127.0.0.1 - - [11/Aug/2025:19:00:09 +0000] \"GET /api/sessions/session_2_17549388092442_1115809a/qr HTTP/1.1\" 404 51 \"-\" \"Laravel-WhatsApp-QR-Service/1.0\"","timestamp":"2025-08-11 20:00:09"}
{"level":"info","message":"[Session:session_2_17549388092442_1115809a] QR code requested","timestamp":"2025-08-11 20:00:11"}
{"level":"info","message":"[Session:session_2_17549388092442_1115809a] QR code not available","timestamp":"2025-08-11 20:00:11"}
{"level":"info","message":"[API] 127.0.0.1 - - [11/Aug/2025:19:00:11 +0000] \"GET /api/sessions/session_2_17549388092442_1115809a/qr HTTP/1.1\" 404 51 \"-\" \"Laravel-WhatsApp-QR-Service/1.0\"","timestamp":"2025-08-11 20:00:11"}
{"level":"info","message":"[Session:session_2_17549388092442_1115809a] QR code requested","timestamp":"2025-08-11 20:00:12"}
{"level":"info","message":"[Session:session_2_17549388092442_1115809a] QR code not available","timestamp":"2025-08-11 20:00:12"}
{"level":"info","message":"[API] 127.0.0.1 - - [11/Aug/2025:19:00:12 +0000] \"GET /api/sessions/session_2_17549388092442_1115809a/qr HTTP/1.1\" 404 51 \"-\" \"Laravel-WhatsApp-QR-Service/1.0\"","timestamp":"2025-08-11 20:00:12"}
{"level":"info","message":"[Session:session_2_17549388092442_1115809a] QR code requested","timestamp":"2025-08-11 20:00:14"}
{"level":"info","message":"[Session:session_2_17549388092442_1115809a] QR code not available","timestamp":"2025-08-11 20:00:14"}
{"level":"info","message":"[API] 127.0.0.1 - - [11/Aug/2025:19:00:14 +0000] \"GET /api/sessions/session_2_17549388092442_1115809a/qr HTTP/1.1\" 404 51 \"-\" \"Laravel-WhatsApp-QR-Service/1.0\"","timestamp":"2025-08-11 20:00:14"}
{"level":"info","message":"[Session:session_2_17549388092442_1115809a] QR code requested","timestamp":"2025-08-11 20:00:14"}
{"level":"info","message":"[Session:session_2_17549388092442_1115809a] QR code not available","timestamp":"2025-08-11 20:00:14"}
{"level":"info","message":"[API] 127.0.0.1 - - [11/Aug/2025:19:00:14 +0000] \"GET /api/sessions/session_2_17549388092442_1115809a/qr HTTP/1.1\" 404 51 \"-\" \"Laravel-WhatsApp-QR-Service/1.0\"","timestamp":"2025-08-11 20:00:14"}
{"level":"info","message":"[Session:session_2_17549388092442_1115809a] QR code requested","timestamp":"2025-08-11 20:00:16"}
{"level":"info","message":"[Session:session_2_17549388092442_1115809a] QR code not available","timestamp":"2025-08-11 20:00:16"}
{"level":"info","message":"[API] 127.0.0.1 - - [11/Aug/2025:19:00:16 +0000] \"GET /api/sessions/session_2_17549388092442_1115809a/qr HTTP/1.1\" 404 51 \"-\" \"Laravel-WhatsApp-QR-Service/1.0\"","timestamp":"2025-08-11 20:00:16"}
{"level":"info","message":"[Session:session_2_17549388092442_1115809a] QR code requested","timestamp":"2025-08-11 20:00:17"}
{"level":"info","message":"[Session:session_2_17549388092442_1115809a] QR code not available","timestamp":"2025-08-11 20:00:17"}
{"level":"info","message":"[API] 127.0.0.1 - - [11/Aug/2025:19:00:17 +0000] \"GET /api/sessions/session_2_17549388092442_1115809a/qr HTTP/1.1\" 404 51 \"-\" \"Laravel-WhatsApp-QR-Service/1.0\"","timestamp":"2025-08-11 20:00:17"}
{"level":"info","message":"[Session:session_2_17549388092442_1115809a] QR code requested","timestamp":"2025-08-11 20:00:19"}
{"level":"info","message":"[Session:session_2_17549388092442_1115809a] QR code not available","timestamp":"2025-08-11 20:00:19"}
{"level":"info","message":"[API] 127.0.0.1 - - [11/Aug/2025:19:00:19 +0000] \"GET /api/sessions/session_2_17549388092442_1115809a/qr HTTP/1.1\" 404 51 \"-\" \"Laravel-WhatsApp-QR-Service/1.0\"","timestamp":"2025-08-11 20:00:19"}
{"level":"info","message":"[Session:session_2_17549388092442_1115809a] QR code requested","timestamp":"2025-08-11 20:00:19"}
{"level":"info","message":"[Session:session_2_17549388092442_1115809a] QR code not available","timestamp":"2025-08-11 20:00:19"}
{"level":"info","message":"[API] 127.0.0.1 - - [11/Aug/2025:19:00:19 +0000] \"GET /api/sessions/session_2_17549388092442_1115809a/qr HTTP/1.1\" 404 51 \"-\" \"Laravel-WhatsApp-QR-Service/1.0\"","timestamp":"2025-08-11 20:00:19"}
{"level":"info","message":"[Session:session_2_17549388092442_1115809a] QR code requested","timestamp":"2025-08-11 20:00:22"}
{"level":"info","message":"[Session:session_2_17549388092442_1115809a] QR code not available","timestamp":"2025-08-11 20:00:22"}
{"level":"info","message":"[API] 127.0.0.1 - - [11/Aug/2025:19:00:22 +0000] \"GET /api/sessions/session_2_17549388092442_1115809a/qr HTTP/1.1\" 404 51 \"-\" \"Laravel-WhatsApp-QR-Service/1.0\"","timestamp":"2025-08-11 20:00:22"}
{"level":"info","message":"[Session:session_2_17549388092442_1115809a] QR generated","qrLength":239,"timestamp":"2025-08-11 20:00:23","userId":2}
{"level":"info","message":"[Session:session_2_17549388092442_1115809a] QR code requested","timestamp":"2025-08-11 20:00:23"}
{"level":"info","message":"[Session:session_2_17549388092442_1115809a] QR code provided","timestamp":"2025-08-11 20:00:23"}
{"level":"info","message":"[API] 127.0.0.1 - - [11/Aug/2025:19:00:23 +0000] \"GET /api/sessions/session_2_17549388092442_1115809a/qr HTTP/1.1\" 200 267 \"-\" \"Laravel-WhatsApp-QR-Service/1.0\"","timestamp":"2025-08-11 20:00:23"}
{"level":"info","message":"[Session:session_2_17549386340382_ec0d67b9] QR generated","qrLength":146,"timestamp":"2025-08-11 20:00:31","userId":2}
{"level":"info","message":"[Session:session_2_17549386340382_ec0d67b9] Session disconnected","timestamp":"2025-08-11 20:00:32","userId":2}
{"level":"info","message":"[Session:session_2_17549386340382_ec0d67b9] QR generated","qrLength":239,"timestamp":"2025-08-11 20:00:43","userId":2}
{"level":"info","message":"[Session:session_2_17549388092442_1115809a] Session ready","timestamp":"2025-08-11 20:00:49","userId":2}
{"level":"info","message":"[Session:session_2_17549388092442_1115809a] Phone connected","phoneNumber":"23767...","timestamp":"2025-08-11 20:00:49","userId":2}
{"level":"info","message":"[Session:session_2_17549388092442_1115809a] Status check requested","timestamp":"2025-08-11 20:00:50"}
{"level":"info","message":"[Session:session_2_17549388092442_1115809a] Status retrieved","status":"connected","timestamp":"2025-08-11 20:00:50"}
{"level":"info","message":"[API] 127.0.0.1 - - [11/Aug/2025:19:00:50 +0000] \"GET /api/sessions/session_2_17549388092442_1115809a/status HTTP/1.1\" 200 166 \"-\" \"Laravel-WhatsApp-QR-Service/1.0\"","timestamp":"2025-08-11 20:00:50"}
{"from":"2376716464...","level":"info","message":"[Session:session_2_17549388092442_1115809a] Message received","timestamp":"2025-08-11 20:00:54","userId":2}
{"from":"2376924437...","level":"info","message":"[Session:session_2_17549388092442_1115809a] Message received","timestamp":"2025-08-11 20:00:54","userId":2}
{"level":"info","message":"[Session:session_2_17549386340382_ec0d67b9] QR generated","qrLength":239,"timestamp":"2025-08-11 20:01:43","userId":2}
{"level":"info","message":"[Session:session_2_17549386340382_ec0d67b9] QR generated","qrLength":239,"timestamp":"2025-08-11 20:02:03","userId":2}
{"level":"info","message":"[Session:session_2_17549386340382_ec0d67b9] QR generated","qrLength":239,"timestamp":"2025-08-11 20:02:23","userId":2}
{"level":"info","message":"[Session:session_2_17549386340382_ec0d67b9] QR generated","qrLength":239,"timestamp":"2025-08-11 20:02:43","userId":2}
{"level":"info","message":"[Session:session_2_17549386340382_ec0d67b9] QR generated","qrLength":239,"timestamp":"2025-08-11 20:03:03","userId":2}
{"file":"/home/douglas/Documents/AfrikSolutions/Projects/web-whatsapp/nodejs/whatsapp-bridge/src/data/active_sessions.json","level":"info","message":"Active sessions saved to disk","sessionCount":2,"timestamp":"2025-08-11 20:03:37"}
{"level":"info","message":"[Session:session_2_17549386340382_ec0d67b9] QR generated","qrLength":239,"timestamp":"2025-08-11 20:04:14","userId":2}
{"level":"info","message":"[Session:session_2_17549386340382_ec0d67b9] QR generated","qrLength":239,"timestamp":"2025-08-11 20:05:14","userId":2}
{"level":"info","message":"[Session:session_2_17549386340382_ec0d67b9] QR generated","qrLength":239,"timestamp":"2025-08-11 20:05:34","userId":2}
{"level":"info","message":"[Session:session_2_17549386340382_ec0d67b9] QR generated","qrLength":239,"timestamp":"2025-08-11 20:05:54","userId":2}
{"level":"info","message":"[Session:session_2_17549386340382_ec0d67b9] QR generated","qrLength":239,"timestamp":"2025-08-11 20:06:14","userId":2}
{"level":"info","message":"[Session:session_2_17549386340382_ec0d67b9] QR generated","qrLength":239,"timestamp":"2025-08-11 20:06:34","userId":2}
{"level":"info","message":"[Session:session_2_17549386340382_ec0d67b9] QR generated","qrLength":239,"timestamp":"2025-08-11 20:07:46","userId":2}
{"file":"/home/douglas/Documents/AfrikSolutions/Projects/web-whatsapp/nodejs/whatsapp-bridge/src/data/active_sessions.json","level":"info","message":"Active sessions saved to disk","sessionCount":2,"timestamp":"2025-08-11 20:08:37"}
{"level":"info","message":"[Session:session_2_17549386340382_ec0d67b9] QR generated","qrLength":239,"timestamp":"2025-08-11 20:08:46","userId":2}
{"level":"info","message":"[Session:session_2_17549386340382_ec0d67b9] QR generated","qrLength":239,"timestamp":"2025-08-11 20:09:06","userId":2}
{"level":"info","message":"[Session:session_2_17549386340382_ec0d67b9] QR generated","qrLength":239,"timestamp":"2025-08-11 20:09:26","userId":2}
{"level":"info","message":"[Session:session_2_17549386340382_ec0d67b9] QR generated","qrLength":239,"timestamp":"2025-08-11 20:09:46","userId":2}
{"level":"info","message":"[Session:session_2_17549386340382_ec0d67b9] QR generated","qrLength":239,"timestamp":"2025-08-11 20:10:06","userId":2}
{"level":"info","message":"[Session:session_2_17549386340382_ec0d67b9] QR generated","qrLength":239,"timestamp":"2025-08-11 20:11:18","userId":2}
{"level":"info","message":"[Session:session_2_17549386340382_ec0d67b9] QR generated","qrLength":239,"timestamp":"2025-08-11 20:12:18","userId":2}
{"level":"info","message":"[Session:session_2_17549386340382_ec0d67b9] QR generated","qrLength":239,"timestamp":"2025-08-11 20:12:38","userId":2}
{"level":"info","message":"[Session:session_2_17549386340382_ec0d67b9] QR generated","qrLength":239,"timestamp":"2025-08-11 20:12:58","userId":2}
{"level":"info","message":"[Session:session_2_17549386340382_ec0d67b9] QR generated","qrLength":239,"timestamp":"2025-08-11 20:13:18","userId":2}
{"file":"/home/douglas/Documents/AfrikSolutions/Projects/web-whatsapp/nodejs/whatsapp-bridge/src/data/active_sessions.json","level":"info","message":"Active sessions saved to disk","sessionCount":2,"timestamp":"2025-08-11 20:13:37"}
{"level":"info","message":"[Session:session_2_17549386340382_ec0d67b9] QR generated","qrLength":239,"timestamp":"2025-08-11 20:13:38","userId":2}
{"level":"info","message":"[Session:session_2_17549386340382_ec0d67b9] QR generated","qrLength":239,"timestamp":"2025-08-11 20:14:50","userId":2}
{"level":"info","message":"[Session:session_2_17549386340382_ec0d67b9] QR generated","qrLength":239,"timestamp":"2025-08-11 20:15:50","userId":2}
{"level":"info","message":"[Session:session_2_17549386340382_ec0d67b9] QR generated","qrLength":239,"timestamp":"2025-08-11 20:16:10","userId":2}
{"level":"info","message":"[Session:session_2_17549386340382_ec0d67b9] QR generated","qrLength":239,"timestamp":"2025-08-11 20:16:30","userId":2}
{"level":"info","message":"[Session:session_2_17549386340382_ec0d67b9] QR generated","qrLength":239,"timestamp":"2025-08-11 20:16:50","userId":2}
{"level":"info","message":"[Session:session_2_17549386340382_ec0d67b9] QR generated","qrLength":239,"timestamp":"2025-08-11 20:17:10","userId":2}
{"level":"info","message":"[Session:session_2_17549386340382_ec0d67b9] QR generated","qrLength":239,"timestamp":"2025-08-11 20:18:22","userId":2}
{"file":"/home/douglas/Documents/AfrikSolutions/Projects/web-whatsapp/nodejs/whatsapp-bridge/src/data/active_sessions.json","level":"info","message":"Active sessions saved to disk","sessionCount":2,"timestamp":"2025-08-11 20:18:37"}
{"level":"info","message":"[Session:session_2_17549386340382_ec0d67b9] QR generated","qrLength":239,"timestamp":"2025-08-11 20:19:22","userId":2}
{"level":"info","message":"[Session:session_2_17549386340382_ec0d67b9] QR generated","qrLength":239,"timestamp":"2025-08-11 20:19:42","userId":2}
{"level":"info","message":"[Session:session_2_17549386340382_ec0d67b9] QR generated","qrLength":239,"timestamp":"2025-08-11 20:20:02","userId":2}
{"level":"info","message":"[Session:session_2_17549386340382_ec0d67b9] QR generated","qrLength":239,"timestamp":"2025-08-11 20:20:22","userId":2}
{"level":"info","message":"[Session:session_2_17549386340382_ec0d67b9] QR generated","qrLength":239,"timestamp":"2025-08-11 20:20:42","userId":2}
{"level":"info","message":"[Session:session_2_17549386340382_ec0d67b9] QR generated","qrLength":239,"timestamp":"2025-08-11 20:21:55","userId":2}
{"level":"info","message":"[Session:session_2_17549386340382_ec0d67b9] QR generated","qrLength":239,"timestamp":"2025-08-11 20:22:55","userId":2}
{"level":"info","message":"[Session:session_2_17549386340382_ec0d67b9] QR generated","qrLength":239,"timestamp":"2025-08-11 20:23:15","userId":2}
{"level":"info","message":"[Session:session_2_17549386340382_ec0d67b9] QR generated","qrLength":239,"timestamp":"2025-08-11 20:23:35","userId":2}
{"file":"/home/douglas/Documents/AfrikSolutions/Projects/web-whatsapp/nodejs/whatsapp-bridge/src/data/active_sessions.json","level":"info","message":"Active sessions saved to disk","sessionCount":2,"timestamp":"2025-08-11 20:23:37"}
{"level":"info","message":"[Session:session_2_17549386340382_ec0d67b9] QR generated","qrLength":239,"timestamp":"2025-08-11 20:23:55","userId":2}
{"level":"info","message":"[Session:session_2_17549386340382_ec0d67b9] QR generated","qrLength":239,"timestamp":"2025-08-11 20:24:15","userId":2}
{"level":"info","message":"[Session:session_2_17549386340382_ec0d67b9] QR generated","qrLength":239,"timestamp":"2025-08-11 20:25:27","userId":2}
{"level":"info","message":"[Session:session_2_17549386340382_ec0d67b9] QR generated","qrLength":239,"timestamp":"2025-08-11 20:26:27","userId":2}
{"level":"info","message":"[Session:session_2_17549386340382_ec0d67b9] QR generated","qrLength":239,"timestamp":"2025-08-11 20:26:47","userId":2}
{"level":"info","message":"[Session:session_2_17549386340382_ec0d67b9] QR generated","qrLength":239,"timestamp":"2025-08-11 20:27:07","userId":2}
{"level":"info","message":"[Session:session_2_17549386340382_ec0d67b9] QR generated","qrLength":239,"timestamp":"2025-08-11 20:27:27","userId":2}
{"level":"info","message":"[Session:session_2_17549386340382_ec0d67b9] QR generated","qrLength":239,"timestamp":"2025-08-11 20:27:47","userId":2}
{"file":"/home/douglas/Documents/AfrikSolutions/Projects/web-whatsapp/nodejs/whatsapp-bridge/src/data/active_sessions.json","level":"info","message":"Active sessions saved to disk","sessionCount":2,"timestamp":"2025-08-11 20:28:37"}
{"level":"info","message":"[Session:session_2_17549386340382_ec0d67b9] QR generated","qrLength":239,"timestamp":"2025-08-11 20:28:59","userId":2}
{"level":"info","message":"[Session:session_2_17549386340382_ec0d67b9] QR generated","qrLength":239,"timestamp":"2025-08-11 20:29:59","userId":2}
{"level":"info","message":"[Session:session_2_17549386340382_ec0d67b9] QR generated","qrLength":239,"timestamp":"2025-08-11 20:30:19","userId":2}
{"level":"info","message":"[Session:session_2_17549386340382_ec0d67b9] QR generated","qrLength":239,"timestamp":"2025-08-11 20:30:39","userId":2}
{"level":"info","message":"[Session:session_2_17549386340382_ec0d67b9] QR generated","qrLength":239,"timestamp":"2025-08-11 20:30:59","userId":2}
{"level":"info","message":"[Session:session_2_17549386340382_ec0d67b9] QR generated","qrLength":239,"timestamp":"2025-08-11 20:31:19","userId":2}
{"level":"info","message":"[Session:session_2_17549386340382_ec0d67b9] QR generated","qrLength":239,"timestamp":"2025-08-11 20:32:31","userId":2}
{"level":"info","message":"[Session:session_2_17549386340382_ec0d67b9] QR generated","qrLength":239,"timestamp":"2025-08-11 20:33:31","userId":2}
{"file":"/home/douglas/Documents/AfrikSolutions/Projects/web-whatsapp/nodejs/whatsapp-bridge/src/data/active_sessions.json","level":"info","message":"Active sessions saved to disk","sessionCount":2,"timestamp":"2025-08-11 20:33:37"}
{"level":"info","message":"[Session:session_2_17549386340382_ec0d67b9] QR generated","qrLength":239,"timestamp":"2025-08-11 20:33:51","userId":2}
{"level":"info","message":"[Session:session_2_17549386340382_ec0d67b9] QR generated","qrLength":239,"timestamp":"2025-08-11 20:34:11","userId":2}
{"level":"info","message":"[Session:session_2_17549386340382_ec0d67b9] QR generated","qrLength":239,"timestamp":"2025-08-11 20:34:31","userId":2}
{"level":"info","message":"[Session:session_2_17549386340382_ec0d67b9] QR generated","qrLength":239,"timestamp":"2025-08-11 20:34:51","userId":2}
{"level":"info","message":"[Session:session_2_17549386340382_ec0d67b9] QR generated","qrLength":239,"timestamp":"2025-08-11 20:36:04","userId":2}
{"file":"/home/douglas/Documents/AfrikSolutions/Projects/web-whatsapp/nodejs/whatsapp-bridge/src/data/active_sessions.json","level":"info","message":"Active sessions saved to disk","sessionCount":2,"timestamp":"2025-08-11 20:38:37"}
{"file":"/home/douglas/Documents/AfrikSolutions/Projects/web-whatsapp/nodejs/whatsapp-bridge/src/data/active_sessions.json","level":"info","message":"Active sessions saved to disk","sessionCount":2,"timestamp":"2025-08-11 20:43:37"}
{"file":"/home/douglas/Documents/AfrikSolutions/Projects/web-whatsapp/nodejs/whatsapp-bridge/src/data/active_sessions.json","level":"info","message":"Active sessions saved to disk","sessionCount":2,"timestamp":"2025-08-11 20:48:37"}
{"file":"/home/douglas/Documents/AfrikSolutions/Projects/web-whatsapp/nodejs/whatsapp-bridge/src/data/active_sessions.json","level":"info","message":"Active sessions saved to disk","sessionCount":2,"timestamp":"2025-08-11 20:53:37"}
{"file":"/home/douglas/Documents/AfrikSolutions/Projects/web-whatsapp/nodejs/whatsapp-bridge/src/data/active_sessions.json","level":"info","message":"Active sessions saved to disk","sessionCount":2,"timestamp":"2025-08-11 20:58:37"}
{"file":"/home/douglas/Documents/AfrikSolutions/Projects/web-whatsapp/nodejs/whatsapp-bridge/src/data/active_sessions.json","level":"info","message":"Active sessions saved to disk","sessionCount":2,"timestamp":"2025-08-11 21:03:37"}
{"file":"/home/douglas/Documents/AfrikSolutions/Projects/web-whatsapp/nodejs/whatsapp-bridge/src/data/active_sessions.json","level":"info","message":"Active sessions saved to disk","sessionCount":2,"timestamp":"2025-08-11 21:08:37"}
{"file":"/home/douglas/Documents/AfrikSolutions/Projects/web-whatsapp/nodejs/whatsapp-bridge/src/data/active_sessions.json","level":"info","message":"Active sessions saved to disk","sessionCount":2,"timestamp":"2025-08-11 21:13:37"}
{"file":"/home/douglas/Documents/AfrikSolutions/Projects/web-whatsapp/nodejs/whatsapp-bridge/src/data/active_sessions.json","level":"info","message":"Active sessions saved to disk","sessionCount":2,"timestamp":"2025-08-11 21:18:37"}
{"file":"/home/douglas/Documents/AfrikSolutions/Projects/web-whatsapp/nodejs/whatsapp-bridge/src/data/active_sessions.json","level":"info","message":"Active sessions saved to disk","sessionCount":2,"timestamp":"2025-08-11 21:23:37"}
{"file":"/home/douglas/Documents/AfrikSolutions/Projects/web-whatsapp/nodejs/whatsapp-bridge/src/data/active_sessions.json","level":"info","message":"Active sessions saved to disk","sessionCount":2,"timestamp":"2025-08-11 21:28:37"}
{"file":"/home/douglas/Documents/AfrikSolutions/Projects/web-whatsapp/nodejs/whatsapp-bridge/src/data/active_sessions.json","level":"info","message":"Active sessions saved to disk","sessionCount":2,"timestamp":"2025-08-11 21:33:37"}
{"file":"/home/douglas/Documents/AfrikSolutions/Projects/web-whatsapp/nodejs/whatsapp-bridge/src/data/active_sessions.json","level":"info","message":"Active sessions saved to disk","sessionCount":2,"timestamp":"2025-08-11 21:38:37"}
{"file":"/home/douglas/Documents/AfrikSolutions/Projects/web-whatsapp/nodejs/whatsapp-bridge/src/data/active_sessions.json","level":"info","message":"Active sessions saved to disk","sessionCount":2,"timestamp":"2025-08-11 21:43:37"}
{"file":"/home/douglas/Documents/AfrikSolutions/Projects/web-whatsapp/nodejs/whatsapp-bridge/src/data/active_sessions.json","level":"info","message":"Active sessions saved to disk","sessionCount":2,"timestamp":"2025-08-11 21:48:37"}
{"file":"/home/douglas/Documents/AfrikSolutions/Projects/web-whatsapp/nodejs/whatsapp-bridge/src/data/active_sessions.json","level":"info","message":"Active sessions saved to disk","sessionCount":2,"timestamp":"2025-08-11 21:53:37"}
{"file":"/home/douglas/Documents/AfrikSolutions/Projects/web-whatsapp/nodejs/whatsapp-bridge/src/data/active_sessions.json","level":"info","message":"Active sessions saved to disk","sessionCount":2,"timestamp":"2025-08-11 21:58:37"}
{"file":"/home/douglas/Documents/AfrikSolutions/Projects/web-whatsapp/nodejs/whatsapp-bridge/src/data/active_sessions.json","level":"info","message":"Active sessions saved to disk","sessionCount":2,"timestamp":"2025-08-11 22:03:37"}
{"file":"/home/douglas/Documents/AfrikSolutions/Projects/web-whatsapp/nodejs/whatsapp-bridge/src/data/active_sessions.json","level":"info","message":"Active sessions saved to disk","sessionCount":2,"timestamp":"2025-08-11 22:08:37"}
{"file":"/home/douglas/Documents/AfrikSolutions/Projects/web-whatsapp/nodejs/whatsapp-bridge/src/data/active_sessions.json","level":"info","message":"Active sessions saved to disk","sessionCount":2,"timestamp":"2025-08-11 22:13:37"}
{"file":"/home/douglas/Documents/AfrikSolutions/Projects/web-whatsapp/nodejs/whatsapp-bridge/src/data/active_sessions.json","level":"info","message":"Active sessions saved to disk","sessionCount":2,"timestamp":"2025-08-11 22:18:37"}
{"file":"/home/douglas/Documents/AfrikSolutions/Projects/web-whatsapp/nodejs/whatsapp-bridge/src/data/active_sessions.json","level":"info","message":"Active sessions saved to disk","sessionCount":2,"timestamp":"2025-08-11 22:23:37"}
{"file":"/home/douglas/Documents/AfrikSolutions/Projects/web-whatsapp/nodejs/whatsapp-bridge/src/data/active_sessions.json","level":"info","message":"Active sessions saved to disk","sessionCount":2,"timestamp":"2025-08-11 22:28:37"}
{"file":"/home/douglas/Documents/AfrikSolutions/Projects/web-whatsapp/nodejs/whatsapp-bridge/src/data/active_sessions.json","level":"info","message":"Active sessions saved to disk","sessionCount":2,"timestamp":"2025-08-11 22:33:37"}
{"file":"/home/douglas/Documents/AfrikSolutions/Projects/web-whatsapp/nodejs/whatsapp-bridge/src/data/active_sessions.json","level":"info","message":"Active sessions saved to disk","sessionCount":2,"timestamp":"2025-08-11 22:38:37"}
{"file":"/home/douglas/Documents/AfrikSolutions/Projects/web-whatsapp/nodejs/whatsapp-bridge/src/data/active_sessions.json","level":"info","message":"Active sessions saved to disk","sessionCount":2,"timestamp":"2025-08-11 22:43:37"}
{"file":"/home/douglas/Documents/AfrikSolutions/Projects/web-whatsapp/nodejs/whatsapp-bridge/src/data/active_sessions.json","level":"info","message":"Active sessions saved to disk","sessionCount":2,"timestamp":"2025-08-11 22:48:37"}
{"file":"/home/douglas/Documents/AfrikSolutions/Projects/web-whatsapp/nodejs/whatsapp-bridge/src/data/active_sessions.json","level":"info","message":"Active sessions saved to disk","sessionCount":2,"timestamp":"2025-08-11 22:53:37"}
{"file":"/home/douglas/Documents/AfrikSolutions/Projects/web-whatsapp/nodejs/whatsapp-bridge/src/data/active_sessions.json","level":"info","message":"Active sessions saved to disk","sessionCount":2,"timestamp":"2025-08-11 22:58:37"}
{"file":"/home/douglas/Documents/AfrikSolutions/Projects/web-whatsapp/nodejs/whatsapp-bridge/src/data/active_sessions.json","level":"info","message":"Active sessions saved to disk","sessionCount":2,"timestamp":"2025-08-11 23:03:37"}
{"file":"/home/douglas/Documents/AfrikSolutions/Projects/web-whatsapp/nodejs/whatsapp-bridge/src/data/active_sessions.json","level":"info","message":"Active sessions saved to disk","sessionCount":2,"timestamp":"2025-08-11 23:08:37"}
{"file":"/home/douglas/Documents/AfrikSolutions/Projects/web-whatsapp/nodejs/whatsapp-bridge/src/data/active_sessions.json","level":"info","message":"Active sessions saved to disk","sessionCount":2,"timestamp":"2025-08-11 23:13:37"}
{"file":"/home/douglas/Documents/AfrikSolutions/Projects/web-whatsapp/nodejs/whatsapp-bridge/src/data/active_sessions.json","level":"info","message":"Active sessions saved to disk","sessionCount":2,"timestamp":"2025-08-11 23:18:37"}
{"file":"/home/douglas/Documents/AfrikSolutions/Projects/web-whatsapp/nodejs/whatsapp-bridge/src/data/active_sessions.json","level":"info","message":"Active sessions saved to disk","sessionCount":2,"timestamp":"2025-08-11 23:23:37"}
{"file":"/home/douglas/Documents/AfrikSolutions/Projects/web-whatsapp/nodejs/whatsapp-bridge/src/data/active_sessions.json","level":"info","message":"Active sessions saved to disk","sessionCount":2,"timestamp":"2025-08-11 23:28:37"}
{"file":"/home/douglas/Documents/AfrikSolutions/Projects/web-whatsapp/nodejs/whatsapp-bridge/src/data/active_sessions.json","level":"info","message":"Active sessions saved to disk","sessionCount":2,"timestamp":"2025-08-11 23:33:37"}
{"file":"/home/douglas/Documents/AfrikSolutions/Projects/web-whatsapp/nodejs/whatsapp-bridge/src/data/active_sessions.json","level":"info","message":"Active sessions saved to disk","sessionCount":2,"timestamp":"2025-08-11 23:38:37"}
{"file":"/home/douglas/Documents/AfrikSolutions/Projects/web-whatsapp/nodejs/whatsapp-bridge/src/data/active_sessions.json","level":"info","message":"Active sessions saved to disk","sessionCount":2,"timestamp":"2025-08-11 23:43:37"}
{"file":"/home/douglas/Documents/AfrikSolutions/Projects/web-whatsapp/nodejs/whatsapp-bridge/src/data/active_sessions.json","level":"info","message":"Active sessions saved to disk","sessionCount":2,"timestamp":"2025-08-11 23:48:37"}
{"file":"/home/douglas/Documents/AfrikSolutions/Projects/web-whatsapp/nodejs/whatsapp-bridge/src/data/active_sessions.json","level":"info","message":"Active sessions saved to disk","sessionCount":2,"timestamp":"2025-08-11 23:53:37"}
{"file":"/home/douglas/Documents/AfrikSolutions/Projects/web-whatsapp/nodejs/whatsapp-bridge/src/data/active_sessions.json","level":"info","message":"Active sessions saved to disk","sessionCount":2,"timestamp":"2025-08-11 23:58:37"}
